CRITICAL - 2024-02-06 10:15:07 --> CodeIgniter\Security\Exceptions\SecurityException: The action you requested is not allowed.
in SYSTEMPATH/Security/Security.php on line 300.
 1 SYSTEMPATH/Security/Security.php(300): CodeIgniter\Security\Exceptions\SecurityException::forDisallowedAction()
 2 SYSTEMPATH/Filters/CSRF.php(56): CodeIgniter\Security\Security->verify(Object(CodeIgniter\HTTP\IncomingRequest))
 3 SYSTEMPATH/Filters/Filters.php(184): CodeIgniter\Filters\CSRF->before(Object(CodeIgniter\HTTP\IncomingRequest), null)
 4 SYSTEMPATH/CodeIgniter.php(474): CodeIgniter\Filters\Filters->run('news/update/updated/3', 'before')
 5 SYSTEMPATH/CodeIgniter.php(361): CodeIgniter\CodeIgniter->handleRequest(null, Object(Config\Cache), false)
 6 FCPATH/index.php(79): CodeIgniter\CodeIgniter->run()
CRITICAL - 2024-02-06 10:15:11 --> ParseError: syntax error, unexpected '$model' (T_VARIABLE)
in APPPATH/Controllers/News.php on line 170.
 1 SYSTEMPATH/Autoloader/Autoloader.php(288): CodeIgniter\Autoloader\Autoloader->includeFile('/Applications/MAMP/htdocs/ci4basedatos/app/Controllers/News.php')
 2 SYSTEMPATH/Autoloader/Autoloader.php(266): CodeIgniter\Autoloader\Autoloader->loadInNamespace('App\\Controllers\\News')
 3 [internal function]: CodeIgniter\Autoloader\Autoloader->loadClass('App\\Controllers\\News')
 4 [internal function]: spl_autoload_call('App\\Controllers\\News')
 5 SYSTEMPATH/CodeIgniter.php(899): class_exists('\\App\\Controllers\\News', true)
 6 SYSTEMPATH/CodeIgniter.php(489): CodeIgniter\CodeIgniter->startController()
 7 SYSTEMPATH/CodeIgniter.php(361): CodeIgniter\CodeIgniter->handleRequest(null, Object(Config\Cache), false)
 8 FCPATH/index.php(79): CodeIgniter\CodeIgniter->run()
CRITICAL - 2024-02-06 10:15:26 --> ParseError: syntax error, unexpected '$model' (T_VARIABLE)
in APPPATH/Controllers/News.php on line 170.
 1 SYSTEMPATH/Autoloader/Autoloader.php(288): CodeIgniter\Autoloader\Autoloader->includeFile('/Applications/MAMP/htdocs/ci4basedatos/app/Controllers/News.php')
 2 SYSTEMPATH/Autoloader/Autoloader.php(266): CodeIgniter\Autoloader\Autoloader->loadInNamespace('App\\Controllers\\News')
 3 [internal function]: CodeIgniter\Autoloader\Autoloader->loadClass('App\\Controllers\\News')
 4 [internal function]: spl_autoload_call('App\\Controllers\\News')
 5 SYSTEMPATH/CodeIgniter.php(899): class_exists('\\App\\Controllers\\News', true)
 6 SYSTEMPATH/CodeIgniter.php(489): CodeIgniter\CodeIgniter->startController()
 7 SYSTEMPATH/CodeIgniter.php(361): CodeIgniter\CodeIgniter->handleRequest(null, Object(Config\Cache), false)
 8 FCPATH/index.php(79): CodeIgniter\CodeIgniter->run()
CRITICAL - 2024-02-06 10:15:49 --> ParseError: syntax error, unexpected '$model' (T_VARIABLE)
in APPPATH/Controllers/News.php on line 170.
 1 SYSTEMPATH/Autoloader/Autoloader.php(288): CodeIgniter\Autoloader\Autoloader->includeFile('/Applications/MAMP/htdocs/ci4basedatos/app/Controllers/News.php')
 2 SYSTEMPATH/Autoloader/Autoloader.php(266): CodeIgniter\Autoloader\Autoloader->loadInNamespace('App\\Controllers\\News')
 3 [internal function]: CodeIgniter\Autoloader\Autoloader->loadClass('App\\Controllers\\News')
 4 [internal function]: spl_autoload_call('App\\Controllers\\News')
 5 SYSTEMPATH/CodeIgniter.php(899): class_exists('\\App\\Controllers\\News', true)
 6 SYSTEMPATH/CodeIgniter.php(489): CodeIgniter\CodeIgniter->startController()
 7 SYSTEMPATH/CodeIgniter.php(361): CodeIgniter\CodeIgniter->handleRequest(null, Object(Config\Cache), false)
 8 FCPATH/index.php(79): CodeIgniter\CodeIgniter->run()
INFO - 2024-02-06 10:39:41 --> CSRF token verified.
INFO - 2024-02-06 10:58:34 --> CSRF token verified.
INFO - 2024-02-06 11:02:04 --> CSRF token verified.
INFO - 2024-02-06 11:09:33 --> CSRF token verified.
INFO - 2024-02-06 11:15:09 --> CSRF token verified.
CRITICAL - 2024-02-06 11:17:37 --> ErrorException: Undefined variable: title
in APPPATH/Views/pages/home.php on line 1.
 1 APPPATH/Views/pages/home.php(1): CodeIgniter\Debug\Exceptions->errorHandler(8, 'Undefined variable: title', '/Applications/MAMP/htdocs/ci4basedatos/app/Views/pages/home.php', 1, [])
 2 SYSTEMPATH/View/View.php(228): include('/Applications/MAMP/htdocs/ci4basedatos/app/Views/pages/home.php')
 3 SYSTEMPATH/View/View.php(231): CodeIgniter\View\View->CodeIgniter\View\{closure}()
 4 SYSTEMPATH/Common.php(1178): CodeIgniter\View\View->render('pages/home', [], true)
 5 APPPATH/Controllers/Home.php(9): view('pages/home')
 6 SYSTEMPATH/CodeIgniter.php(941): App\Controllers\Home->index()
 7 SYSTEMPATH/CodeIgniter.php(502): CodeIgniter\CodeIgniter->runController(Object(App\Controllers\Home))
 8 SYSTEMPATH/CodeIgniter.php(361): CodeIgniter\CodeIgniter->handleRequest(null, Object(Config\Cache), false)
 9 FCPATH/index.php(79): CodeIgniter\CodeIgniter->run()
CRITICAL - 2024-02-06 11:18:09 --> ErrorException: Undefined variable: title
in APPPATH/Views/pages/home.php on line 1.
 1 APPPATH/Views/pages/home.php(1): CodeIgniter\Debug\Exceptions->errorHandler(8, 'Undefined variable: title', '/Applications/MAMP/htdocs/ci4basedatos/app/Views/pages/home.php', 1, [])
 2 SYSTEMPATH/View/View.php(228): include('/Applications/MAMP/htdocs/ci4basedatos/app/Views/pages/home.php')
 3 SYSTEMPATH/View/View.php(231): CodeIgniter\View\View->CodeIgniter\View\{closure}()
 4 SYSTEMPATH/Common.php(1178): CodeIgniter\View\View->render('pages/home', [], true)
 5 APPPATH/Controllers/Home.php(9): view('pages/home')
 6 SYSTEMPATH/CodeIgniter.php(941): App\Controllers\Home->index()
 7 SYSTEMPATH/CodeIgniter.php(502): CodeIgniter\CodeIgniter->runController(Object(App\Controllers\Home))
 8 SYSTEMPATH/CodeIgniter.php(361): CodeIgniter\CodeIgniter->handleRequest(null, Object(Config\Cache), false)
 9 FCPATH/index.php(79): CodeIgniter\CodeIgniter->run()
CRITICAL - 2024-02-06 11:18:09 --> ErrorException: Undefined variable: title
in APPPATH/Views/pages/home.php on line 1.
 1 APPPATH/Views/pages/home.php(1): CodeIgniter\Debug\Exceptions->errorHandler(8, 'Undefined variable: title', '/Applications/MAMP/htdocs/ci4basedatos/app/Views/pages/home.php', 1, [])
 2 SYSTEMPATH/View/View.php(228): include('/Applications/MAMP/htdocs/ci4basedatos/app/Views/pages/home.php')
 3 SYSTEMPATH/View/View.php(231): CodeIgniter\View\View->CodeIgniter\View\{closure}()
 4 SYSTEMPATH/Common.php(1178): CodeIgniter\View\View->render('pages/home', [], true)
 5 APPPATH/Controllers/Home.php(9): view('pages/home')
 6 SYSTEMPATH/CodeIgniter.php(941): App\Controllers\Home->index()
 7 SYSTEMPATH/CodeIgniter.php(502): CodeIgniter\CodeIgniter->runController(Object(App\Controllers\Home))
 8 SYSTEMPATH/CodeIgniter.php(361): CodeIgniter\CodeIgniter->handleRequest(null, Object(Config\Cache), false)
 9 FCPATH/index.php(79): CodeIgniter\CodeIgniter->run()
CRITICAL - 2024-02-06 11:18:10 --> ErrorException: Undefined variable: title
in APPPATH/Views/pages/home.php on line 1.
 1 APPPATH/Views/pages/home.php(1): CodeIgniter\Debug\Exceptions->errorHandler(8, 'Undefined variable: title', '/Applications/MAMP/htdocs/ci4basedatos/app/Views/pages/home.php', 1, [])
 2 SYSTEMPATH/View/View.php(228): include('/Applications/MAMP/htdocs/ci4basedatos/app/Views/pages/home.php')
 3 SYSTEMPATH/View/View.php(231): CodeIgniter\View\View->CodeIgniter\View\{closure}()
 4 SYSTEMPATH/Common.php(1178): CodeIgniter\View\View->render('pages/home', [], true)
 5 APPPATH/Controllers/Home.php(9): view('pages/home')
 6 SYSTEMPATH/CodeIgniter.php(941): App\Controllers\Home->index()
 7 SYSTEMPATH/CodeIgniter.php(502): CodeIgniter\CodeIgniter->runController(Object(App\Controllers\Home))
 8 SYSTEMPATH/CodeIgniter.php(361): CodeIgniter\CodeIgniter->handleRequest(null, Object(Config\Cache), false)
 9 FCPATH/index.php(79): CodeIgniter\CodeIgniter->run()
CRITICAL - 2024-02-06 11:18:13 --> ErrorException: Undefined variable: title
in APPPATH/Views/pages/home.php on line 1.
 1 APPPATH/Views/pages/home.php(1): CodeIgniter\Debug\Exceptions->errorHandler(8, 'Undefined variable: title', '/Applications/MAMP/htdocs/ci4basedatos/app/Views/pages/home.php', 1, [])
 2 SYSTEMPATH/View/View.php(228): include('/Applications/MAMP/htdocs/ci4basedatos/app/Views/pages/home.php')
 3 SYSTEMPATH/View/View.php(231): CodeIgniter\View\View->CodeIgniter\View\{closure}()
 4 SYSTEMPATH/Common.php(1178): CodeIgniter\View\View->render('pages/home', [], true)
 5 APPPATH/Controllers/Home.php(9): view('pages/home')
 6 SYSTEMPATH/CodeIgniter.php(941): App\Controllers\Home->index()
 7 SYSTEMPATH/CodeIgniter.php(502): CodeIgniter\CodeIgniter->runController(Object(App\Controllers\Home))
 8 SYSTEMPATH/CodeIgniter.php(361): CodeIgniter\CodeIgniter->handleRequest(null, Object(Config\Cache), false)
 9 FCPATH/index.php(79): CodeIgniter\CodeIgniter->run()
