ERROR - 2024-02-17 14:54:42 --> mysqli_sql_exception: Table 'ci4_examen.ci4_examen' doesn't exist in /Applications/MAMP/htdocs/codeigniter/system/Database/MySQLi/Connection.php:306
Stack trace:
#0 /Applications/MAMP/htdocs/codeigniter/system/Database/MySQLi/Connection.php(306): mysqli->query('SELECT *\nFROM `...', 0)
#1 /Applications/MAMP/htdocs/codeigniter/system/Database/BaseConnection.php(693): CodeIgniter\Database\MySQLi\Connection->execute('SELECT *\nFROM `...')
#2 /Applications/MAMP/htdocs/codeigniter/system/Database/BaseConnection.php(607): CodeIgniter\Database\BaseConnection->simpleQuery('SELECT *\nFROM `...')
#3 /Applications/MAMP/htdocs/codeigniter/system/Database/BaseBuilder.php(1615): CodeIgniter\Database\BaseConnection->query('SELECT *\nFROM `...', Array, false)
#4 /Applications/MAMP/htdocs/codeigniter/system/Model.php(237): CodeIgniter\Database\BaseBuilder->get()
#5 /Applications/MAMP/htdocs/codeigniter/system/BaseModel.php(624): CodeIgniter\Model->doFindAll(0, 0)
#6 /Applications/MAMP/htdocs/codeigniter/app/Models/ProductsModel.php(14): CodeIgniter\BaseModel->findAll()
#7 /Applications/MAMP/htdocs/codeigniter/app/Controllers/Products.php(14): App\Models\ProductsModel->getProducts()
#8 /Applications/MAMP/htdocs/codeigniter/system/CodeIgniter.php(942): App\Controllers\Products->index()
#9 /Applications/MAMP/htdocs/codeigniter/system/CodeIgniter.php(502): CodeIgniter\CodeIgniter->runController(Object(App\Controllers\Products))
#10 /Applications/MAMP/htdocs/codeigniter/system/CodeIgniter.php(361): CodeIgniter\CodeIgniter->handleRequest(NULL, Object(Config\Cache), false)
#11 /Applications/MAMP/htdocs/codeigniter/public/index.php(79): CodeIgniter\CodeIgniter->run()
#12 {main}
CRITICAL - 2024-02-17 14:54:42 --> Table 'ci4_examen.ci4_examen' doesn't exist
in SYSTEMPATH/Database/BaseConnection.php on line 647.
 1 SYSTEMPATH/Database/BaseBuilder.php(1615): CodeIgniter\Database\BaseConnection->query('SELECT *
FROM `ci4_examen`', [], false)
 2 SYSTEMPATH/Model.php(237): CodeIgniter\Database\BaseBuilder->get()
 3 SYSTEMPATH/BaseModel.php(624): CodeIgniter\Model->doFindAll(0, 0)
 4 APPPATH/Models/ProductsModel.php(14): CodeIgniter\BaseModel->findAll()
 5 APPPATH/Controllers/Products.php(14): App\Models\ProductsModel->getProducts()
 6 SYSTEMPATH/CodeIgniter.php(942): App\Controllers\Products->index()
 7 SYSTEMPATH/CodeIgniter.php(502): CodeIgniter\CodeIgniter->runController(Object(App\Controllers\Products))
 8 SYSTEMPATH/CodeIgniter.php(361): CodeIgniter\CodeIgniter->handleRequest(null, Object(Config\Cache), false)
 9 FCPATH/index.php(79): CodeIgniter\CodeIgniter->run()
ERROR - 2024-02-17 14:56:43 --> mysqli_sql_exception: Table 'ci4_examen.ci4_examen' doesn't exist in /Applications/MAMP/htdocs/codeigniter/system/Database/MySQLi/Connection.php:306
Stack trace:
#0 /Applications/MAMP/htdocs/codeigniter/system/Database/MySQLi/Connection.php(306): mysqli->query('SELECT *\nFROM `...', 0)
#1 /Applications/MAMP/htdocs/codeigniter/system/Database/BaseConnection.php(693): CodeIgniter\Database\MySQLi\Connection->execute('SELECT *\nFROM `...')
#2 /Applications/MAMP/htdocs/codeigniter/system/Database/BaseConnection.php(607): CodeIgniter\Database\BaseConnection->simpleQuery('SELECT *\nFROM `...')
#3 /Applications/MAMP/htdocs/codeigniter/system/Database/BaseBuilder.php(1615): CodeIgniter\Database\BaseConnection->query('SELECT *\nFROM `...', Array, false)
#4 /Applications/MAMP/htdocs/codeigniter/system/Model.php(237): CodeIgniter\Database\BaseBuilder->get()
#5 /Applications/MAMP/htdocs/codeigniter/system/BaseModel.php(624): CodeIgniter\Model->doFindAll(0, 0)
#6 /Applications/MAMP/htdocs/codeigniter/app/Models/ProductsModel.php(14): CodeIgniter\BaseModel->findAll()
#7 /Applications/MAMP/htdocs/codeigniter/app/Controllers/Products.php(14): App\Models\ProductsModel->getProducts()
#8 /Applications/MAMP/htdocs/codeigniter/system/CodeIgniter.php(942): App\Controllers\Products->index()
#9 /Applications/MAMP/htdocs/codeigniter/system/CodeIgniter.php(502): CodeIgniter\CodeIgniter->runController(Object(App\Controllers\Products))
#10 /Applications/MAMP/htdocs/codeigniter/system/CodeIgniter.php(361): CodeIgniter\CodeIgniter->handleRequest(NULL, Object(Config\Cache), false)
#11 /Applications/MAMP/htdocs/codeigniter/public/index.php(79): CodeIgniter\CodeIgniter->run()
#12 {main}
CRITICAL - 2024-02-17 14:56:43 --> Table 'ci4_examen.ci4_examen' doesn't exist
in SYSTEMPATH/Database/BaseConnection.php on line 647.
 1 SYSTEMPATH/Database/BaseBuilder.php(1615): CodeIgniter\Database\BaseConnection->query('SELECT *
FROM `ci4_examen`', [], false)
 2 SYSTEMPATH/Model.php(237): CodeIgniter\Database\BaseBuilder->get()
 3 SYSTEMPATH/BaseModel.php(624): CodeIgniter\Model->doFindAll(0, 0)
 4 APPPATH/Models/ProductsModel.php(14): CodeIgniter\BaseModel->findAll()
 5 APPPATH/Controllers/Products.php(14): App\Models\ProductsModel->getProducts()
 6 SYSTEMPATH/CodeIgniter.php(942): App\Controllers\Products->index()
 7 SYSTEMPATH/CodeIgniter.php(502): CodeIgniter\CodeIgniter->runController(Object(App\Controllers\Products))
 8 SYSTEMPATH/CodeIgniter.php(361): CodeIgniter\CodeIgniter->handleRequest(null, Object(Config\Cache), false)
 9 FCPATH/index.php(79): CodeIgniter\CodeIgniter->run()
ERROR - 2024-02-17 14:56:44 --> mysqli_sql_exception: Table 'ci4_examen.ci4_examen' doesn't exist in /Applications/MAMP/htdocs/codeigniter/system/Database/MySQLi/Connection.php:306
Stack trace:
#0 /Applications/MAMP/htdocs/codeigniter/system/Database/MySQLi/Connection.php(306): mysqli->query('SELECT *\nFROM `...', 0)
#1 /Applications/MAMP/htdocs/codeigniter/system/Database/BaseConnection.php(693): CodeIgniter\Database\MySQLi\Connection->execute('SELECT *\nFROM `...')
#2 /Applications/MAMP/htdocs/codeigniter/system/Database/BaseConnection.php(607): CodeIgniter\Database\BaseConnection->simpleQuery('SELECT *\nFROM `...')
#3 /Applications/MAMP/htdocs/codeigniter/system/Database/BaseBuilder.php(1615): CodeIgniter\Database\BaseConnection->query('SELECT *\nFROM `...', Array, false)
#4 /Applications/MAMP/htdocs/codeigniter/system/Model.php(237): CodeIgniter\Database\BaseBuilder->get()
#5 /Applications/MAMP/htdocs/codeigniter/system/BaseModel.php(624): CodeIgniter\Model->doFindAll(0, 0)
#6 /Applications/MAMP/htdocs/codeigniter/app/Models/ProductsModel.php(14): CodeIgniter\BaseModel->findAll()
#7 /Applications/MAMP/htdocs/codeigniter/app/Controllers/Products.php(14): App\Models\ProductsModel->getProducts()
#8 /Applications/MAMP/htdocs/codeigniter/system/CodeIgniter.php(942): App\Controllers\Products->index()
#9 /Applications/MAMP/htdocs/codeigniter/system/CodeIgniter.php(502): CodeIgniter\CodeIgniter->runController(Object(App\Controllers\Products))
#10 /Applications/MAMP/htdocs/codeigniter/system/CodeIgniter.php(361): CodeIgniter\CodeIgniter->handleRequest(NULL, Object(Config\Cache), false)
#11 /Applications/MAMP/htdocs/codeigniter/public/index.php(79): CodeIgniter\CodeIgniter->run()
#12 {main}
CRITICAL - 2024-02-17 14:56:44 --> Table 'ci4_examen.ci4_examen' doesn't exist
in SYSTEMPATH/Database/BaseConnection.php on line 647.
 1 SYSTEMPATH/Database/BaseBuilder.php(1615): CodeIgniter\Database\BaseConnection->query('SELECT *
FROM `ci4_examen`', [], false)
 2 SYSTEMPATH/Model.php(237): CodeIgniter\Database\BaseBuilder->get()
 3 SYSTEMPATH/BaseModel.php(624): CodeIgniter\Model->doFindAll(0, 0)
 4 APPPATH/Models/ProductsModel.php(14): CodeIgniter\BaseModel->findAll()
 5 APPPATH/Controllers/Products.php(14): App\Models\ProductsModel->getProducts()
 6 SYSTEMPATH/CodeIgniter.php(942): App\Controllers\Products->index()
 7 SYSTEMPATH/CodeIgniter.php(502): CodeIgniter\CodeIgniter->runController(Object(App\Controllers\Products))
 8 SYSTEMPATH/CodeIgniter.php(361): CodeIgniter\CodeIgniter->handleRequest(null, Object(Config\Cache), false)
 9 FCPATH/index.php(79): CodeIgniter\CodeIgniter->run()
ERROR - 2024-02-17 14:57:02 --> mysqli_sql_exception: Table 'ci4_examen.ci4_examen' doesn't exist in /Applications/MAMP/htdocs/codeigniter/system/Database/MySQLi/Connection.php:306
Stack trace:
#0 /Applications/MAMP/htdocs/codeigniter/system/Database/MySQLi/Connection.php(306): mysqli->query('SELECT *\nFROM `...', 0)
#1 /Applications/MAMP/htdocs/codeigniter/system/Database/BaseConnection.php(693): CodeIgniter\Database\MySQLi\Connection->execute('SELECT *\nFROM `...')
#2 /Applications/MAMP/htdocs/codeigniter/system/Database/BaseConnection.php(607): CodeIgniter\Database\BaseConnection->simpleQuery('SELECT *\nFROM `...')
#3 /Applications/MAMP/htdocs/codeigniter/system/Database/BaseBuilder.php(1615): CodeIgniter\Database\BaseConnection->query('SELECT *\nFROM `...', Array, false)
#4 /Applications/MAMP/htdocs/codeigniter/system/Model.php(237): CodeIgniter\Database\BaseBuilder->get()
#5 /Applications/MAMP/htdocs/codeigniter/system/BaseModel.php(624): CodeIgniter\Model->doFindAll(0, 0)
#6 /Applications/MAMP/htdocs/codeigniter/app/Models/ProductsModel.php(14): CodeIgniter\BaseModel->findAll()
#7 /Applications/MAMP/htdocs/codeigniter/app/Controllers/Products.php(14): App\Models\ProductsModel->getProducts()
#8 /Applications/MAMP/htdocs/codeigniter/system/CodeIgniter.php(942): App\Controllers\Products->index()
#9 /Applications/MAMP/htdocs/codeigniter/system/CodeIgniter.php(502): CodeIgniter\CodeIgniter->runController(Object(App\Controllers\Products))
#10 /Applications/MAMP/htdocs/codeigniter/system/CodeIgniter.php(361): CodeIgniter\CodeIgniter->handleRequest(NULL, Object(Config\Cache), false)
#11 /Applications/MAMP/htdocs/codeigniter/public/index.php(79): CodeIgniter\CodeIgniter->run()
#12 {main}
CRITICAL - 2024-02-17 14:57:02 --> Table 'ci4_examen.ci4_examen' doesn't exist
in SYSTEMPATH/Database/BaseConnection.php on line 647.
 1 SYSTEMPATH/Database/BaseBuilder.php(1615): CodeIgniter\Database\BaseConnection->query('SELECT *
FROM `ci4_examen`', [], false)
 2 SYSTEMPATH/Model.php(237): CodeIgniter\Database\BaseBuilder->get()
 3 SYSTEMPATH/BaseModel.php(624): CodeIgniter\Model->doFindAll(0, 0)
 4 APPPATH/Models/ProductsModel.php(14): CodeIgniter\BaseModel->findAll()
 5 APPPATH/Controllers/Products.php(14): App\Models\ProductsModel->getProducts()
 6 SYSTEMPATH/CodeIgniter.php(942): App\Controllers\Products->index()
 7 SYSTEMPATH/CodeIgniter.php(502): CodeIgniter\CodeIgniter->runController(Object(App\Controllers\Products))
 8 SYSTEMPATH/CodeIgniter.php(361): CodeIgniter\CodeIgniter->handleRequest(null, Object(Config\Cache), false)
 9 FCPATH/index.php(79): CodeIgniter\CodeIgniter->run()
CRITICAL - 2024-02-17 15:03:29 --> Undefined variable: wonder
in APPPATH/Views/products/index.php on line 12.
 1 APPPATH/Views/products/index.php(12): CodeIgniter\Debug\Exceptions->errorHandler(8, 'Undefined variable: wonder', '/Applications/MAMP/htdocs/codeigniter/app/Views/products/index.php', 12, [...])
 2 SYSTEMPATH/View/View.php(228): include('/Applications/MAMP/htdocs/codeigniter/app/Views/products/index.php')
 3 SYSTEMPATH/View/View.php(231): CodeIgniter\View\View->CodeIgniter\View\{closure}()
 4 SYSTEMPATH/Common.php(1190): CodeIgniter\View\View->render('products/index', [], true)
 5 APPPATH/Controllers/Products.php(19): view('products/index')
 6 SYSTEMPATH/CodeIgniter.php(942): App\Controllers\Products->index()
 7 SYSTEMPATH/CodeIgniter.php(502): CodeIgniter\CodeIgniter->runController(Object(App\Controllers\Products))
 8 SYSTEMPATH/CodeIgniter.php(361): CodeIgniter\CodeIgniter->handleRequest(null, Object(Config\Cache), false)
 9 FCPATH/index.php(79): CodeIgniter\CodeIgniter->run()
CRITICAL - 2024-02-17 15:04:09 --> Undefined variable: wonder
in APPPATH/Views/products/index.php on line 12.
 1 APPPATH/Views/products/index.php(12): CodeIgniter\Debug\Exceptions->errorHandler(8, 'Undefined variable: wonder', '/Applications/MAMP/htdocs/codeigniter/app/Views/products/index.php', 12, [...])
 2 SYSTEMPATH/View/View.php(228): include('/Applications/MAMP/htdocs/codeigniter/app/Views/products/index.php')
 3 SYSTEMPATH/View/View.php(231): CodeIgniter\View\View->CodeIgniter\View\{closure}()
 4 SYSTEMPATH/Common.php(1190): CodeIgniter\View\View->render('products/index', [], true)
 5 APPPATH/Controllers/Products.php(19): view('products/index')
 6 SYSTEMPATH/CodeIgniter.php(942): App\Controllers\Products->index()
 7 SYSTEMPATH/CodeIgniter.php(502): CodeIgniter\CodeIgniter->runController(Object(App\Controllers\Products))
 8 SYSTEMPATH/CodeIgniter.php(361): CodeIgniter\CodeIgniter->handleRequest(null, Object(Config\Cache), false)
 9 FCPATH/index.php(79): CodeIgniter\CodeIgniter->run()
CRITICAL - 2024-02-17 15:04:11 --> Undefined variable: wonder
in APPPATH/Views/products/index.php on line 12.
 1 APPPATH/Views/products/index.php(12): CodeIgniter\Debug\Exceptions->errorHandler(8, 'Undefined variable: wonder', '/Applications/MAMP/htdocs/codeigniter/app/Views/products/index.php', 12, [...])
 2 SYSTEMPATH/View/View.php(228): include('/Applications/MAMP/htdocs/codeigniter/app/Views/products/index.php')
 3 SYSTEMPATH/View/View.php(231): CodeIgniter\View\View->CodeIgniter\View\{closure}()
 4 SYSTEMPATH/Common.php(1190): CodeIgniter\View\View->render('products/index', [], true)
 5 APPPATH/Controllers/Products.php(19): view('products/index')
 6 SYSTEMPATH/CodeIgniter.php(942): App\Controllers\Products->index()
 7 SYSTEMPATH/CodeIgniter.php(502): CodeIgniter\CodeIgniter->runController(Object(App\Controllers\Products))
 8 SYSTEMPATH/CodeIgniter.php(361): CodeIgniter\CodeIgniter->handleRequest(null, Object(Config\Cache), false)
 9 FCPATH/index.php(79): CodeIgniter\CodeIgniter->run()
CRITICAL - 2024-02-17 15:04:14 --> Undefined variable: wonder
in APPPATH/Views/products/index.php on line 12.
 1 APPPATH/Views/products/index.php(12): CodeIgniter\Debug\Exceptions->errorHandler(8, 'Undefined variable: wonder', '/Applications/MAMP/htdocs/codeigniter/app/Views/products/index.php', 12, [...])
 2 SYSTEMPATH/View/View.php(228): include('/Applications/MAMP/htdocs/codeigniter/app/Views/products/index.php')
 3 SYSTEMPATH/View/View.php(231): CodeIgniter\View\View->CodeIgniter\View\{closure}()
 4 SYSTEMPATH/Common.php(1190): CodeIgniter\View\View->render('products/index', [], true)
 5 APPPATH/Controllers/Products.php(19): view('products/index')
 6 SYSTEMPATH/CodeIgniter.php(942): App\Controllers\Products->index()
 7 SYSTEMPATH/CodeIgniter.php(502): CodeIgniter\CodeIgniter->runController(Object(App\Controllers\Products))
 8 SYSTEMPATH/CodeIgniter.php(361): CodeIgniter\CodeIgniter->handleRequest(null, Object(Config\Cache), false)
 9 FCPATH/index.php(79): CodeIgniter\CodeIgniter->run()
CRITICAL - 2024-02-17 15:04:33 --> Undefined index: id
in APPPATH/Views/products/index.php on line 15.
 1 APPPATH/Views/products/index.php(15): CodeIgniter\Debug\Exceptions->errorHandler(8, 'Undefined index: id', '/Applications/MAMP/htdocs/codeigniter/app/Views/products/index.php', 15, [...])
 2 SYSTEMPATH/View/View.php(228): include('/Applications/MAMP/htdocs/codeigniter/app/Views/products/index.php')
 3 SYSTEMPATH/View/View.php(231): CodeIgniter\View\View->CodeIgniter\View\{closure}()
 4 SYSTEMPATH/Common.php(1190): CodeIgniter\View\View->render('products/index', [], true)
 5 APPPATH/Controllers/Products.php(19): view('products/index')
 6 SYSTEMPATH/CodeIgniter.php(942): App\Controllers\Products->index()
 7 SYSTEMPATH/CodeIgniter.php(502): CodeIgniter\CodeIgniter->runController(Object(App\Controllers\Products))
 8 SYSTEMPATH/CodeIgniter.php(361): CodeIgniter\CodeIgniter->handleRequest(null, Object(Config\Cache), false)
 9 FCPATH/index.php(79): CodeIgniter\CodeIgniter->run()
CRITICAL - 2024-02-17 15:05:27 --> Undefined index: id
in APPPATH/Views/products/index.php on line 15.
 1 APPPATH/Views/products/index.php(15): CodeIgniter\Debug\Exceptions->errorHandler(8, 'Undefined index: id', '/Applications/MAMP/htdocs/codeigniter/app/Views/products/index.php', 15, [...])
 2 SYSTEMPATH/View/View.php(228): include('/Applications/MAMP/htdocs/codeigniter/app/Views/products/index.php')
 3 SYSTEMPATH/View/View.php(231): CodeIgniter\View\View->CodeIgniter\View\{closure}()
 4 SYSTEMPATH/Common.php(1190): CodeIgniter\View\View->render('products/index', [], true)
 5 APPPATH/Controllers/Products.php(19): view('products/index')
 6 SYSTEMPATH/CodeIgniter.php(942): App\Controllers\Products->index()
 7 SYSTEMPATH/CodeIgniter.php(502): CodeIgniter\CodeIgniter->runController(Object(App\Controllers\Products))
 8 SYSTEMPATH/CodeIgniter.php(361): CodeIgniter\CodeIgniter->handleRequest(null, Object(Config\Cache), false)
 9 FCPATH/index.php(79): CodeIgniter\CodeIgniter->run()
INFO - 2024-02-17 15:16:26 --> Session: Class initialized using 'CodeIgniter\Session\Handlers\FileHandler' driver.
INFO - 2024-02-17 15:16:51 --> Session: Class initialized using 'CodeIgniter\Session\Handlers\FileHandler' driver.
INFO - 2024-02-17 15:17:02 --> Session: Class initialized using 'CodeIgniter\Session\Handlers\FileHandler' driver.
INFO - 2024-02-17 15:17:04 --> Session: Class initialized using 'CodeIgniter\Session\Handlers\FileHandler' driver.
INFO - 2024-02-17 15:17:20 --> Session: Class initialized using 'CodeIgniter\Session\Handlers\FileHandler' driver.
INFO - 2024-02-17 15:17:22 --> Session: Class initialized using 'CodeIgniter\Session\Handlers\FileHandler' driver.
INFO - 2024-02-17 15:17:33 --> Session: Class initialized using 'CodeIgniter\Session\Handlers\FileHandler' driver.
INFO - 2024-02-17 15:17:37 --> Session: Class initialized using 'CodeIgniter\Session\Handlers\FileHandler' driver.
INFO - 2024-02-17 15:17:49 --> Session: Class initialized using 'CodeIgniter\Session\Handlers\FileHandler' driver.
INFO - 2024-02-17 15:17:49 --> Session: Class initialized using 'CodeIgniter\Session\Handlers\FileHandler' driver.
INFO - 2024-02-17 15:17:50 --> Session: Class initialized using 'CodeIgniter\Session\Handlers\FileHandler' driver.
INFO - 2024-02-17 15:18:00 --> Session: Class initialized using 'CodeIgniter\Session\Handlers\FileHandler' driver.
INFO - 2024-02-17 15:18:06 --> Session: Class initialized using 'CodeIgniter\Session\Handlers\FileHandler' driver.
INFO - 2024-02-17 15:18:49 --> Session: Class initialized using 'CodeIgniter\Session\Handlers\FileHandler' driver.
INFO - 2024-02-17 15:19:00 --> Session: Class initialized using 'CodeIgniter\Session\Handlers\FileHandler' driver.
INFO - 2024-02-17 15:23:21 --> Session: Class initialized using 'CodeIgniter\Session\Handlers\FileHandler' driver.
INFO - 2024-02-17 15:23:27 --> Session: Class initialized using 'CodeIgniter\Session\Handlers\FileHandler' driver.
INFO - 2024-02-17 15:25:08 --> Session: Class initialized using 'CodeIgniter\Session\Handlers\FileHandler' driver.
INFO - 2024-02-17 15:25:14 --> Session: Class initialized using 'CodeIgniter\Session\Handlers\FileHandler' driver.
INFO - 2024-02-17 15:27:42 --> Session: Class initialized using 'CodeIgniter\Session\Handlers\FileHandler' driver.
INFO - 2024-02-17 15:27:47 --> Session: Class initialized using 'CodeIgniter\Session\Handlers\FileHandler' driver.
INFO - 2024-02-17 15:31:29 --> Session: Class initialized using 'CodeIgniter\Session\Handlers\FileHandler' driver.
INFO - 2024-02-17 15:33:33 --> Session: Class initialized using 'CodeIgniter\Session\Handlers\FileHandler' driver.
INFO - 2024-02-17 15:33:38 --> Session: Class initialized using 'CodeIgniter\Session\Handlers\FileHandler' driver.
INFO - 2024-02-17 15:33:41 --> Session: Class initialized using 'CodeIgniter\Session\Handlers\FileHandler' driver.
INFO - 2024-02-17 15:35:00 --> Session: Class initialized using 'CodeIgniter\Session\Handlers\FileHandler' driver.
ERROR - 2024-02-17 15:37:30 --> mysqli_sql_exception: Unknown column 'id' in 'where clause' in /Applications/MAMP/htdocs/codeigniter/system/Database/MySQLi/Connection.php:306
Stack trace:
#0 /Applications/MAMP/htdocs/codeigniter/system/Database/MySQLi/Connection.php(306): mysqli->query('DELETE FROM `pr...', 0)
#1 /Applications/MAMP/htdocs/codeigniter/system/Database/BaseConnection.php(693): CodeIgniter\Database\MySQLi\Connection->execute('DELETE FROM `pr...')
#2 /Applications/MAMP/htdocs/codeigniter/system/Database/BaseConnection.php(607): CodeIgniter\Database\BaseConnection->simpleQuery('DELETE FROM `pr...')
#3 /Applications/MAMP/htdocs/codeigniter/system/Database/BaseBuilder.php(2790): CodeIgniter\Database\BaseConnection->query('DELETE FROM `pr...', Array, false)
#4 /Applications/MAMP/htdocs/codeigniter/system/Model.php(445): CodeIgniter\Database\BaseBuilder->delete()
#5 /Applications/MAMP/htdocs/codeigniter/system/BaseModel.php(1080): CodeIgniter\Model->doDelete(Array, false)
#6 /Applications/MAMP/htdocs/codeigniter/app/Controllers/Products.php(88): CodeIgniter\BaseModel->delete(Array)
#7 /Applications/MAMP/htdocs/codeigniter/system/CodeIgniter.php(942): App\Controllers\Products->delete('4')
#8 /Applications/MAMP/htdocs/codeigniter/system/CodeIgniter.php(502): CodeIgniter\CodeIgniter->runController(Object(App\Controllers\Products))
#9 /Applications/MAMP/htdocs/codeigniter/system/CodeIgniter.php(361): CodeIgniter\CodeIgniter->handleRequest(NULL, Object(Config\Cache), false)
#10 /Applications/MAMP/htdocs/codeigniter/public/index.php(79): CodeIgniter\CodeIgniter->run()
#11 {main}
CRITICAL - 2024-02-17 15:37:30 --> Unknown column 'id' in 'where clause'
in SYSTEMPATH/Database/BaseConnection.php on line 647.
 1 SYSTEMPATH/Database/BaseBuilder.php(2790): CodeIgniter\Database\BaseConnection->query('DELETE FROM `products`
WHERE `id` IN :id:', [...], false)
 2 SYSTEMPATH/Model.php(445): CodeIgniter\Database\BaseBuilder->delete()
 3 SYSTEMPATH/BaseModel.php(1080): CodeIgniter\Model->doDelete([...], false)
 4 APPPATH/Controllers/Products.php(88): CodeIgniter\BaseModel->delete([...])
 5 SYSTEMPATH/CodeIgniter.php(942): App\Controllers\Products->delete('4')
 6 SYSTEMPATH/CodeIgniter.php(502): CodeIgniter\CodeIgniter->runController(Object(App\Controllers\Products))
 7 SYSTEMPATH/CodeIgniter.php(361): CodeIgniter\CodeIgniter->handleRequest(null, Object(Config\Cache), false)
 8 FCPATH/index.php(79): CodeIgniter\CodeIgniter->run()
ERROR - 2024-02-17 15:38:48 --> mysqli_sql_exception: Unknown column 'id' in 'where clause' in /Applications/MAMP/htdocs/codeigniter/system/Database/MySQLi/Connection.php:306
Stack trace:
#0 /Applications/MAMP/htdocs/codeigniter/system/Database/MySQLi/Connection.php(306): mysqli->query('DELETE FROM `pr...', 0)
#1 /Applications/MAMP/htdocs/codeigniter/system/Database/BaseConnection.php(693): CodeIgniter\Database\MySQLi\Connection->execute('DELETE FROM `pr...')
#2 /Applications/MAMP/htdocs/codeigniter/system/Database/BaseConnection.php(607): CodeIgniter\Database\BaseConnection->simpleQuery('DELETE FROM `pr...')
#3 /Applications/MAMP/htdocs/codeigniter/system/Database/BaseBuilder.php(2790): CodeIgniter\Database\BaseConnection->query('DELETE FROM `pr...', Array, false)
#4 /Applications/MAMP/htdocs/codeigniter/system/Model.php(445): CodeIgniter\Database\BaseBuilder->delete()
#5 /Applications/MAMP/htdocs/codeigniter/system/BaseModel.php(1080): CodeIgniter\Model->doDelete(Array, false)
#6 /Applications/MAMP/htdocs/codeigniter/app/Controllers/Products.php(87): CodeIgniter\BaseModel->delete(Array)
#7 /Applications/MAMP/htdocs/codeigniter/system/CodeIgniter.php(942): App\Controllers\Products->delete('4')
#8 /Applications/MAMP/htdocs/codeigniter/system/CodeIgniter.php(502): CodeIgniter\CodeIgniter->runController(Object(App\Controllers\Products))
#9 /Applications/MAMP/htdocs/codeigniter/system/CodeIgniter.php(361): CodeIgniter\CodeIgniter->handleRequest(NULL, Object(Config\Cache), false)
#10 /Applications/MAMP/htdocs/codeigniter/public/index.php(79): CodeIgniter\CodeIgniter->run()
#11 {main}
CRITICAL - 2024-02-17 15:38:48 --> Unknown column 'id' in 'where clause'
in SYSTEMPATH/Database/BaseConnection.php on line 647.
 1 SYSTEMPATH/Database/BaseBuilder.php(2790): CodeIgniter\Database\BaseConnection->query('DELETE FROM `products`
WHERE `id` IN :id:', [...], false)
 2 SYSTEMPATH/Model.php(445): CodeIgniter\Database\BaseBuilder->delete()
 3 SYSTEMPATH/BaseModel.php(1080): CodeIgniter\Model->doDelete([...], false)
 4 APPPATH/Controllers/Products.php(87): CodeIgniter\BaseModel->delete([...])
 5 SYSTEMPATH/CodeIgniter.php(942): App\Controllers\Products->delete('4')
 6 SYSTEMPATH/CodeIgniter.php(502): CodeIgniter\CodeIgniter->runController(Object(App\Controllers\Products))
 7 SYSTEMPATH/CodeIgniter.php(361): CodeIgniter\CodeIgniter->handleRequest(null, Object(Config\Cache), false)
 8 FCPATH/index.php(79): CodeIgniter\CodeIgniter->run()
ERROR - 2024-02-17 15:39:15 --> mysqli_sql_exception: Unknown column 'id' in 'where clause' in /Applications/MAMP/htdocs/codeigniter/system/Database/MySQLi/Connection.php:306
Stack trace:
#0 /Applications/MAMP/htdocs/codeigniter/system/Database/MySQLi/Connection.php(306): mysqli->query('DELETE FROM `pr...', 0)
#1 /Applications/MAMP/htdocs/codeigniter/system/Database/BaseConnection.php(693): CodeIgniter\Database\MySQLi\Connection->execute('DELETE FROM `pr...')
#2 /Applications/MAMP/htdocs/codeigniter/system/Database/BaseConnection.php(607): CodeIgniter\Database\BaseConnection->simpleQuery('DELETE FROM `pr...')
#3 /Applications/MAMP/htdocs/codeigniter/system/Database/BaseBuilder.php(2790): CodeIgniter\Database\BaseConnection->query('DELETE FROM `pr...', Array, false)
#4 /Applications/MAMP/htdocs/codeigniter/system/Model.php(445): CodeIgniter\Database\BaseBuilder->delete()
#5 /Applications/MAMP/htdocs/codeigniter/system/BaseModel.php(1080): CodeIgniter\Model->doDelete(Array, false)
#6 /Applications/MAMP/htdocs/codeigniter/app/Controllers/Products.php(87): CodeIgniter\BaseModel->delete(Array)
#7 /Applications/MAMP/htdocs/codeigniter/system/CodeIgniter.php(942): App\Controllers\Products->delete('4')
#8 /Applications/MAMP/htdocs/codeigniter/system/CodeIgniter.php(502): CodeIgniter\CodeIgniter->runController(Object(App\Controllers\Products))
#9 /Applications/MAMP/htdocs/codeigniter/system/CodeIgniter.php(361): CodeIgniter\CodeIgniter->handleRequest(NULL, Object(Config\Cache), false)
#10 /Applications/MAMP/htdocs/codeigniter/public/index.php(79): CodeIgniter\CodeIgniter->run()
#11 {main}
CRITICAL - 2024-02-17 15:39:15 --> Unknown column 'id' in 'where clause'
in SYSTEMPATH/Database/BaseConnection.php on line 647.
 1 SYSTEMPATH/Database/BaseBuilder.php(2790): CodeIgniter\Database\BaseConnection->query('DELETE FROM `products`
WHERE `id` IN :id:', [...], false)
 2 SYSTEMPATH/Model.php(445): CodeIgniter\Database\BaseBuilder->delete()
 3 SYSTEMPATH/BaseModel.php(1080): CodeIgniter\Model->doDelete([...], false)
 4 APPPATH/Controllers/Products.php(87): CodeIgniter\BaseModel->delete([...])
 5 SYSTEMPATH/CodeIgniter.php(942): App\Controllers\Products->delete('4')
 6 SYSTEMPATH/CodeIgniter.php(502): CodeIgniter\CodeIgniter->runController(Object(App\Controllers\Products))
 7 SYSTEMPATH/CodeIgniter.php(361): CodeIgniter\CodeIgniter->handleRequest(null, Object(Config\Cache), false)
 8 FCPATH/index.php(79): CodeIgniter\CodeIgniter->run()
INFO - 2024-02-17 15:40:05 --> Session: Class initialized using 'CodeIgniter\Session\Handlers\FileHandler' driver.
INFO - 2024-02-17 15:40:06 --> Session: Class initialized using 'CodeIgniter\Session\Handlers\FileHandler' driver.
INFO - 2024-02-17 15:40:07 --> Session: Class initialized using 'CodeIgniter\Session\Handlers\FileHandler' driver.
INFO - 2024-02-17 15:40:08 --> Session: Class initialized using 'CodeIgniter\Session\Handlers\FileHandler' driver.
INFO - 2024-02-17 15:40:08 --> Session: Class initialized using 'CodeIgniter\Session\Handlers\FileHandler' driver.
INFO - 2024-02-17 15:40:09 --> Session: Class initialized using 'CodeIgniter\Session\Handlers\FileHandler' driver.
INFO - 2024-02-17 15:41:43 --> Session: Class initialized using 'CodeIgniter\Session\Handlers\FileHandler' driver.
ERROR - 2024-02-17 15:41:47 --> mysqli_sql_exception: Unknown column 'id' in 'where clause' in /Applications/MAMP/htdocs/codeigniter/system/Database/MySQLi/Connection.php:306
Stack trace:
#0 /Applications/MAMP/htdocs/codeigniter/system/Database/MySQLi/Connection.php(306): mysqli->query('DELETE FROM `pr...', 0)
#1 /Applications/MAMP/htdocs/codeigniter/system/Database/BaseConnection.php(693): CodeIgniter\Database\MySQLi\Connection->execute('DELETE FROM `pr...')
#2 /Applications/MAMP/htdocs/codeigniter/system/Database/BaseConnection.php(607): CodeIgniter\Database\BaseConnection->simpleQuery('DELETE FROM `pr...')
#3 /Applications/MAMP/htdocs/codeigniter/system/Database/BaseBuilder.php(2790): CodeIgniter\Database\BaseConnection->query('DELETE FROM `pr...', Array, false)
#4 /Applications/MAMP/htdocs/codeigniter/system/Model.php(445): CodeIgniter\Database\BaseBuilder->delete()
#5 /Applications/MAMP/htdocs/codeigniter/system/BaseModel.php(1080): CodeIgniter\Model->doDelete(Array, false)
#6 /Applications/MAMP/htdocs/codeigniter/app/Controllers/Products.php(87): CodeIgniter\BaseModel->delete(Array)
#7 /Applications/MAMP/htdocs/codeigniter/system/CodeIgniter.php(942): App\Controllers\Products->delete('4')
#8 /Applications/MAMP/htdocs/codeigniter/system/CodeIgniter.php(502): CodeIgniter\CodeIgniter->runController(Object(App\Controllers\Products))
#9 /Applications/MAMP/htdocs/codeigniter/system/CodeIgniter.php(361): CodeIgniter\CodeIgniter->handleRequest(NULL, Object(Config\Cache), false)
#10 /Applications/MAMP/htdocs/codeigniter/public/index.php(79): CodeIgniter\CodeIgniter->run()
#11 {main}
CRITICAL - 2024-02-17 15:41:47 --> Unknown column 'id' in 'where clause'
in SYSTEMPATH/Database/BaseConnection.php on line 647.
 1 SYSTEMPATH/Database/BaseBuilder.php(2790): CodeIgniter\Database\BaseConnection->query('DELETE FROM `products`
WHERE `id` IN :id:', [...], false)
 2 SYSTEMPATH/Model.php(445): CodeIgniter\Database\BaseBuilder->delete()
 3 SYSTEMPATH/BaseModel.php(1080): CodeIgniter\Model->doDelete([...], false)
 4 APPPATH/Controllers/Products.php(87): CodeIgniter\BaseModel->delete([...])
 5 SYSTEMPATH/CodeIgniter.php(942): App\Controllers\Products->delete('4')
 6 SYSTEMPATH/CodeIgniter.php(502): CodeIgniter\CodeIgniter->runController(Object(App\Controllers\Products))
 7 SYSTEMPATH/CodeIgniter.php(361): CodeIgniter\CodeIgniter->handleRequest(null, Object(Config\Cache), false)
 8 FCPATH/index.php(79): CodeIgniter\CodeIgniter->run()
INFO - 2024-02-17 15:43:17 --> Session: Class initialized using 'CodeIgniter\Session\Handlers\FileHandler' driver.
INFO - 2024-02-17 15:43:22 --> Session: Class initialized using 'CodeIgniter\Session\Handlers\FileHandler' driver.
ERROR - 2024-02-17 15:43:28 --> mysqli_sql_exception: Unknown column 'id' in 'where clause' in /Applications/MAMP/htdocs/codeigniter/system/Database/MySQLi/Connection.php:306
Stack trace:
#0 /Applications/MAMP/htdocs/codeigniter/system/Database/MySQLi/Connection.php(306): mysqli->query('DELETE FROM `pr...', 0)
#1 /Applications/MAMP/htdocs/codeigniter/system/Database/BaseConnection.php(693): CodeIgniter\Database\MySQLi\Connection->execute('DELETE FROM `pr...')
#2 /Applications/MAMP/htdocs/codeigniter/system/Database/BaseConnection.php(607): CodeIgniter\Database\BaseConnection->simpleQuery('DELETE FROM `pr...')
#3 /Applications/MAMP/htdocs/codeigniter/system/Database/BaseBuilder.php(2790): CodeIgniter\Database\BaseConnection->query('DELETE FROM `pr...', Array, false)
#4 /Applications/MAMP/htdocs/codeigniter/system/Model.php(445): CodeIgniter\Database\BaseBuilder->delete()
#5 /Applications/MAMP/htdocs/codeigniter/system/BaseModel.php(1080): CodeIgniter\Model->doDelete(Array, false)
#6 /Applications/MAMP/htdocs/codeigniter/app/Controllers/Products.php(87): CodeIgniter\BaseModel->delete(Array)
#7 /Applications/MAMP/htdocs/codeigniter/system/CodeIgniter.php(942): App\Controllers\Products->delete('4')
#8 /Applications/MAMP/htdocs/codeigniter/system/CodeIgniter.php(502): CodeIgniter\CodeIgniter->runController(Object(App\Controllers\Products))
#9 /Applications/MAMP/htdocs/codeigniter/system/CodeIgniter.php(361): CodeIgniter\CodeIgniter->handleRequest(NULL, Object(Config\Cache), false)
#10 /Applications/MAMP/htdocs/codeigniter/public/index.php(79): CodeIgniter\CodeIgniter->run()
#11 {main}
CRITICAL - 2024-02-17 15:43:28 --> Unknown column 'id' in 'where clause'
in SYSTEMPATH/Database/BaseConnection.php on line 647.
 1 SYSTEMPATH/Database/BaseBuilder.php(2790): CodeIgniter\Database\BaseConnection->query('DELETE FROM `products`
WHERE `id` IN :id:', [...], false)
 2 SYSTEMPATH/Model.php(445): CodeIgniter\Database\BaseBuilder->delete()
 3 SYSTEMPATH/BaseModel.php(1080): CodeIgniter\Model->doDelete([...], false)
 4 APPPATH/Controllers/Products.php(87): CodeIgniter\BaseModel->delete([...])
 5 SYSTEMPATH/CodeIgniter.php(942): App\Controllers\Products->delete('4')
 6 SYSTEMPATH/CodeIgniter.php(502): CodeIgniter\CodeIgniter->runController(Object(App\Controllers\Products))
 7 SYSTEMPATH/CodeIgniter.php(361): CodeIgniter\CodeIgniter->handleRequest(null, Object(Config\Cache), false)
 8 FCPATH/index.php(79): CodeIgniter\CodeIgniter->run()
ERROR - 2024-02-17 15:46:14 --> mysqli_sql_exception: Unknown column 'id' in 'where clause' in /Applications/MAMP/htdocs/codeigniter/system/Database/MySQLi/Connection.php:306
Stack trace:
#0 /Applications/MAMP/htdocs/codeigniter/system/Database/MySQLi/Connection.php(306): mysqli->query('DELETE FROM `pr...', 0)
#1 /Applications/MAMP/htdocs/codeigniter/system/Database/BaseConnection.php(693): CodeIgniter\Database\MySQLi\Connection->execute('DELETE FROM `pr...')
#2 /Applications/MAMP/htdocs/codeigniter/system/Database/BaseConnection.php(607): CodeIgniter\Database\BaseConnection->simpleQuery('DELETE FROM `pr...')
#3 /Applications/MAMP/htdocs/codeigniter/system/Database/BaseBuilder.php(2790): CodeIgniter\Database\BaseConnection->query('DELETE FROM `pr...', Array, false)
#4 /Applications/MAMP/htdocs/codeigniter/system/Model.php(445): CodeIgniter\Database\BaseBuilder->delete()
#5 /Applications/MAMP/htdocs/codeigniter/system/BaseModel.php(1080): CodeIgniter\Model->doDelete(Array, false)
#6 /Applications/MAMP/htdocs/codeigniter/app/Controllers/Products.php(87): CodeIgniter\BaseModel->delete(Array)
#7 /Applications/MAMP/htdocs/codeigniter/system/CodeIgniter.php(942): App\Controllers\Products->delete('1')
#8 /Applications/MAMP/htdocs/codeigniter/system/CodeIgniter.php(502): CodeIgniter\CodeIgniter->runController(Object(App\Controllers\Products))
#9 /Applications/MAMP/htdocs/codeigniter/system/CodeIgniter.php(361): CodeIgniter\CodeIgniter->handleRequest(NULL, Object(Config\Cache), false)
#10 /Applications/MAMP/htdocs/codeigniter/public/index.php(79): CodeIgniter\CodeIgniter->run()
#11 {main}
CRITICAL - 2024-02-17 15:46:14 --> Unknown column 'id' in 'where clause'
in SYSTEMPATH/Database/BaseConnection.php on line 647.
 1 SYSTEMPATH/Database/BaseBuilder.php(2790): CodeIgniter\Database\BaseConnection->query('DELETE FROM `products`
WHERE `id` IN :id:', [...], false)
 2 SYSTEMPATH/Model.php(445): CodeIgniter\Database\BaseBuilder->delete()
 3 SYSTEMPATH/BaseModel.php(1080): CodeIgniter\Model->doDelete([...], false)
 4 APPPATH/Controllers/Products.php(87): CodeIgniter\BaseModel->delete([...])
 5 SYSTEMPATH/CodeIgniter.php(942): App\Controllers\Products->delete('1')
 6 SYSTEMPATH/CodeIgniter.php(502): CodeIgniter\CodeIgniter->runController(Object(App\Controllers\Products))
 7 SYSTEMPATH/CodeIgniter.php(361): CodeIgniter\CodeIgniter->handleRequest(null, Object(Config\Cache), false)
 8 FCPATH/index.php(79): CodeIgniter\CodeIgniter->run()
ERROR - 2024-02-17 15:47:08 --> mysqli_sql_exception: Unknown column 'id' in 'where clause' in /Applications/MAMP/htdocs/codeigniter/system/Database/MySQLi/Connection.php:306
Stack trace:
#0 /Applications/MAMP/htdocs/codeigniter/system/Database/MySQLi/Connection.php(306): mysqli->query('DELETE FROM `pr...', 0)
#1 /Applications/MAMP/htdocs/codeigniter/system/Database/BaseConnection.php(693): CodeIgniter\Database\MySQLi\Connection->execute('DELETE FROM `pr...')
#2 /Applications/MAMP/htdocs/codeigniter/system/Database/BaseConnection.php(607): CodeIgniter\Database\BaseConnection->simpleQuery('DELETE FROM `pr...')
#3 /Applications/MAMP/htdocs/codeigniter/system/Database/BaseBuilder.php(2790): CodeIgniter\Database\BaseConnection->query('DELETE FROM `pr...', Array, false)
#4 /Applications/MAMP/htdocs/codeigniter/system/Model.php(445): CodeIgniter\Database\BaseBuilder->delete()
#5 /Applications/MAMP/htdocs/codeigniter/system/BaseModel.php(1080): CodeIgniter\Model->doDelete(Array, false)
#6 /Applications/MAMP/htdocs/codeigniter/app/Controllers/Products.php(87): CodeIgniter\BaseModel->delete(Array)
#7 /Applications/MAMP/htdocs/codeigniter/system/CodeIgniter.php(942): App\Controllers\Products->delete('4')
#8 /Applications/MAMP/htdocs/codeigniter/system/CodeIgniter.php(502): CodeIgniter\CodeIgniter->runController(Object(App\Controllers\Products))
#9 /Applications/MAMP/htdocs/codeigniter/system/CodeIgniter.php(361): CodeIgniter\CodeIgniter->handleRequest(NULL, Object(Config\Cache), false)
#10 /Applications/MAMP/htdocs/codeigniter/public/index.php(79): CodeIgniter\CodeIgniter->run()
#11 {main}
CRITICAL - 2024-02-17 15:47:08 --> Unknown column 'id' in 'where clause'
in SYSTEMPATH/Database/BaseConnection.php on line 647.
 1 SYSTEMPATH/Database/BaseBuilder.php(2790): CodeIgniter\Database\BaseConnection->query('DELETE FROM `products`
WHERE `id` IN :id:', [...], false)
 2 SYSTEMPATH/Model.php(445): CodeIgniter\Database\BaseBuilder->delete()
 3 SYSTEMPATH/BaseModel.php(1080): CodeIgniter\Model->doDelete([...], false)
 4 APPPATH/Controllers/Products.php(87): CodeIgniter\BaseModel->delete([...])
 5 SYSTEMPATH/CodeIgniter.php(942): App\Controllers\Products->delete('4')
 6 SYSTEMPATH/CodeIgniter.php(502): CodeIgniter\CodeIgniter->runController(Object(App\Controllers\Products))
 7 SYSTEMPATH/CodeIgniter.php(361): CodeIgniter\CodeIgniter->handleRequest(null, Object(Config\Cache), false)
 8 FCPATH/index.php(79): CodeIgniter\CodeIgniter->run()
ERROR - 2024-02-17 15:48:24 --> mysqli_sql_exception: Unknown column 'id' in 'where clause' in /Applications/MAMP/htdocs/codeigniter/system/Database/MySQLi/Connection.php:306
Stack trace:
#0 /Applications/MAMP/htdocs/codeigniter/system/Database/MySQLi/Connection.php(306): mysqli->query('DELETE FROM `pr...', 0)
#1 /Applications/MAMP/htdocs/codeigniter/system/Database/BaseConnection.php(693): CodeIgniter\Database\MySQLi\Connection->execute('DELETE FROM `pr...')
#2 /Applications/MAMP/htdocs/codeigniter/system/Database/BaseConnection.php(607): CodeIgniter\Database\BaseConnection->simpleQuery('DELETE FROM `pr...')
#3 /Applications/MAMP/htdocs/codeigniter/system/Database/BaseBuilder.php(2790): CodeIgniter\Database\BaseConnection->query('DELETE FROM `pr...', Array, false)
#4 /Applications/MAMP/htdocs/codeigniter/system/Model.php(445): CodeIgniter\Database\BaseBuilder->delete()
#5 /Applications/MAMP/htdocs/codeigniter/system/BaseModel.php(1080): CodeIgniter\Model->doDelete(Array, false)
#6 /Applications/MAMP/htdocs/codeigniter/app/Controllers/Products.php(87): CodeIgniter\BaseModel->delete(Array)
#7 /Applications/MAMP/htdocs/codeigniter/system/CodeIgniter.php(942): App\Controllers\Products->delete('4')
#8 /Applications/MAMP/htdocs/codeigniter/system/CodeIgniter.php(502): CodeIgniter\CodeIgniter->runController(Object(App\Controllers\Products))
#9 /Applications/MAMP/htdocs/codeigniter/system/CodeIgniter.php(361): CodeIgniter\CodeIgniter->handleRequest(NULL, Object(Config\Cache), false)
#10 /Applications/MAMP/htdocs/codeigniter/public/index.php(79): CodeIgniter\CodeIgniter->run()
#11 {main}
CRITICAL - 2024-02-17 15:48:24 --> Unknown column 'id' in 'where clause'
in SYSTEMPATH/Database/BaseConnection.php on line 647.
 1 SYSTEMPATH/Database/BaseBuilder.php(2790): CodeIgniter\Database\BaseConnection->query('DELETE FROM `products`
WHERE `id` IN :id:', [...], false)
 2 SYSTEMPATH/Model.php(445): CodeIgniter\Database\BaseBuilder->delete()
 3 SYSTEMPATH/BaseModel.php(1080): CodeIgniter\Model->doDelete([...], false)
 4 APPPATH/Controllers/Products.php(87): CodeIgniter\BaseModel->delete([...])
 5 SYSTEMPATH/CodeIgniter.php(942): App\Controllers\Products->delete('4')
 6 SYSTEMPATH/CodeIgniter.php(502): CodeIgniter\CodeIgniter->runController(Object(App\Controllers\Products))
 7 SYSTEMPATH/CodeIgniter.php(361): CodeIgniter\CodeIgniter->handleRequest(null, Object(Config\Cache), false)
 8 FCPATH/index.php(79): CodeIgniter\CodeIgniter->run()
CRITICAL - 2024-02-17 15:49:47 --> syntax error, unexpected 'protected' (T_PROTECTED), expecting ';' or ','
in APPPATH/Models/ProductsModel.php on line 11.
 1 SYSTEMPATH/Autoloader/Autoloader.php(291): CodeIgniter\Autoloader\Autoloader->includeFile('/Applications/MAMP/htdocs/codeigniter/app/Models/ProductsModel.php')
 2 SYSTEMPATH/Autoloader/Autoloader.php(269): CodeIgniter\Autoloader\Autoloader->loadInNamespace('App\\Models\\ProductsModel')
 3 [internal function]: CodeIgniter\Autoloader\Autoloader->loadClass('App\\Models\\ProductsModel')
 4 [internal function]: spl_autoload_call('App\\Models\\ProductsModel')
 5 SYSTEMPATH/Config/Factories.php(283): class_exists('App\\Models\\ProductsModel')
 6 SYSTEMPATH/Config/Factories.php(202): CodeIgniter\Config\Factories::locateClass([...], 'App\\Models\\ProductsModel')
 7 SYSTEMPATH/Config/Factories.php(161): CodeIgniter\Config\Factories::getDefinedInstance([...], 'App\\Models\\ProductsModel', [...])
 8 SYSTEMPATH/Common.php(827): CodeIgniter\Config\Factories::__callStatic('models', [...])
 9 APPPATH/Controllers/Products.php(11): model('App\\Models\\ProductsModel')
10 SYSTEMPATH/CodeIgniter.php(942): App\Controllers\Products->index()
11 SYSTEMPATH/CodeIgniter.php(502): CodeIgniter\CodeIgniter->runController(Object(App\Controllers\Products))
12 SYSTEMPATH/CodeIgniter.php(361): CodeIgniter\CodeIgniter->handleRequest(null, Object(Config\Cache), false)
13 FCPATH/index.php(79): CodeIgniter\CodeIgniter->run()
INFO - 2024-02-17 15:56:33 --> Session: Class initialized using 'CodeIgniter\Session\Handlers\FileHandler' driver.
CRITICAL - 2024-02-17 15:56:39 --> Call to undefined method App\Controllers\Products::where()
in APPPATH/Controllers/Products.php on line 104.
 1 SYSTEMPATH/CodeIgniter.php(942): App\Controllers\Products->update('1')
 2 SYSTEMPATH/CodeIgniter.php(502): CodeIgniter\CodeIgniter->runController(Object(App\Controllers\Products))
 3 SYSTEMPATH/CodeIgniter.php(361): CodeIgniter\CodeIgniter->handleRequest(null, Object(Config\Cache), false)
 4 FCPATH/index.php(79): CodeIgniter\CodeIgniter->run()
CRITICAL - 2024-02-17 15:57:23 --> Call to undefined method App\Controllers\Products::where()
in APPPATH/Controllers/Products.php on line 104.
 1 SYSTEMPATH/CodeIgniter.php(942): App\Controllers\Products->update('3')
 2 SYSTEMPATH/CodeIgniter.php(502): CodeIgniter\CodeIgniter->runController(Object(App\Controllers\Products))
 3 SYSTEMPATH/CodeIgniter.php(361): CodeIgniter\CodeIgniter->handleRequest(null, Object(Config\Cache), false)
 4 FCPATH/index.php(79): CodeIgniter\CodeIgniter->run()
CRITICAL - 2024-02-17 16:00:30 --> Undefined variable: product
in APPPATH/Views/products/view.php on line 9.
 1 APPPATH/Views/products/view.php(9): CodeIgniter\Debug\Exceptions->errorHandler(8, 'Undefined variable: product', '/Applications/MAMP/htdocs/codeigniter/app/Views/products/view.php', 9, [...])
 2 SYSTEMPATH/View/View.php(228): include('/Applications/MAMP/htdocs/codeigniter/app/Views/products/view.php')
 3 SYSTEMPATH/View/View.php(231): CodeIgniter\View\View->CodeIgniter\View\{closure}()
 4 SYSTEMPATH/Common.php(1190): CodeIgniter\View\View->render('products/view', [], true)
 5 APPPATH/Controllers/Products.php(36): view('products/view')
 6 SYSTEMPATH/CodeIgniter.php(942): App\Controllers\Products->show('3')
 7 SYSTEMPATH/CodeIgniter.php(502): CodeIgniter\CodeIgniter->runController(Object(App\Controllers\Products))
 8 SYSTEMPATH/CodeIgniter.php(361): CodeIgniter\CodeIgniter->handleRequest(null, Object(Config\Cache), false)
 9 FCPATH/index.php(79): CodeIgniter\CodeIgniter->run()
CRITICAL - 2024-02-17 16:01:03 --> Undefined variable: product
in APPPATH/Views/products/view.php on line 9.
 1 APPPATH/Views/products/view.php(9): CodeIgniter\Debug\Exceptions->errorHandler(8, 'Undefined variable: product', '/Applications/MAMP/htdocs/codeigniter/app/Views/products/view.php', 9, [...])
 2 SYSTEMPATH/View/View.php(228): include('/Applications/MAMP/htdocs/codeigniter/app/Views/products/view.php')
 3 SYSTEMPATH/View/View.php(231): CodeIgniter\View\View->CodeIgniter\View\{closure}()
 4 SYSTEMPATH/Common.php(1190): CodeIgniter\View\View->render('products/view', [], true)
 5 APPPATH/Controllers/Products.php(36): view('products/view')
 6 SYSTEMPATH/CodeIgniter.php(942): App\Controllers\Products->show('3')
 7 SYSTEMPATH/CodeIgniter.php(502): CodeIgniter\CodeIgniter->runController(Object(App\Controllers\Products))
 8 SYSTEMPATH/CodeIgniter.php(361): CodeIgniter\CodeIgniter->handleRequest(null, Object(Config\Cache), false)
 9 FCPATH/index.php(79): CodeIgniter\CodeIgniter->run()
CRITICAL - 2024-02-17 16:01:06 --> Undefined variable: product
in APPPATH/Views/products/view.php on line 9.
 1 APPPATH/Views/products/view.php(9): CodeIgniter\Debug\Exceptions->errorHandler(8, 'Undefined variable: product', '/Applications/MAMP/htdocs/codeigniter/app/Views/products/view.php', 9, [...])
 2 SYSTEMPATH/View/View.php(228): include('/Applications/MAMP/htdocs/codeigniter/app/Views/products/view.php')
 3 SYSTEMPATH/View/View.php(231): CodeIgniter\View\View->CodeIgniter\View\{closure}()
 4 SYSTEMPATH/Common.php(1190): CodeIgniter\View\View->render('products/view', [], true)
 5 APPPATH/Controllers/Products.php(36): view('products/view')
 6 SYSTEMPATH/CodeIgniter.php(942): App\Controllers\Products->show('1')
 7 SYSTEMPATH/CodeIgniter.php(502): CodeIgniter\CodeIgniter->runController(Object(App\Controllers\Products))
 8 SYSTEMPATH/CodeIgniter.php(361): CodeIgniter\CodeIgniter->handleRequest(null, Object(Config\Cache), false)
 9 FCPATH/index.php(79): CodeIgniter\CodeIgniter->run()
CRITICAL - 2024-02-17 16:05:39 --> Undefined variable: product
in APPPATH/Views/products/view.php on line 11.
 1 APPPATH/Views/products/view.php(11): CodeIgniter\Debug\Exceptions->errorHandler(8, 'Undefined variable: product', '/Applications/MAMP/htdocs/codeigniter/app/Views/products/view.php', 11, [...])
 2 SYSTEMPATH/View/View.php(228): include('/Applications/MAMP/htdocs/codeigniter/app/Views/products/view.php')
 3 SYSTEMPATH/View/View.php(231): CodeIgniter\View\View->CodeIgniter\View\{closure}()
 4 SYSTEMPATH/Common.php(1190): CodeIgniter\View\View->render('products/view', [], true)
 5 APPPATH/Controllers/Products.php(36): view('products/view')
 6 SYSTEMPATH/CodeIgniter.php(942): App\Controllers\Products->show('1')
 7 SYSTEMPATH/CodeIgniter.php(502): CodeIgniter\CodeIgniter->runController(Object(App\Controllers\Products))
 8 SYSTEMPATH/CodeIgniter.php(361): CodeIgniter\CodeIgniter->handleRequest(null, Object(Config\Cache), false)
 9 FCPATH/index.php(79): CodeIgniter\CodeIgniter->run()
CRITICAL - 2024-02-17 16:05:58 --> Undefined variable: product
in APPPATH/Views/products/view.php on line 11.
 1 APPPATH/Views/products/view.php(11): CodeIgniter\Debug\Exceptions->errorHandler(8, 'Undefined variable: product', '/Applications/MAMP/htdocs/codeigniter/app/Views/products/view.php', 11, [...])
 2 SYSTEMPATH/View/View.php(228): include('/Applications/MAMP/htdocs/codeigniter/app/Views/products/view.php')
 3 SYSTEMPATH/View/View.php(231): CodeIgniter\View\View->CodeIgniter\View\{closure}()
 4 SYSTEMPATH/Common.php(1190): CodeIgniter\View\View->render('products/view', [], true)
 5 APPPATH/Controllers/Products.php(36): view('products/view')
 6 SYSTEMPATH/CodeIgniter.php(942): App\Controllers\Products->show('1')
 7 SYSTEMPATH/CodeIgniter.php(502): CodeIgniter\CodeIgniter->runController(Object(App\Controllers\Products))
 8 SYSTEMPATH/CodeIgniter.php(361): CodeIgniter\CodeIgniter->handleRequest(null, Object(Config\Cache), false)
 9 FCPATH/index.php(79): CodeIgniter\CodeIgniter->run()
INFO - 2024-02-17 16:09:04 --> Session: Class initialized using 'CodeIgniter\Session\Handlers\FileHandler' driver.
INFO - 2024-02-17 16:13:32 --> Session: Class initialized using 'CodeIgniter\Session\Handlers\FileHandler' driver.
