CRITICAL - 2024-02-16 21:58:59 --> Invalid file: "views/templates/header.php"
in SYSTEMPATH/Exceptions/FrameworkException.php on line 39.
 1 SYSTEMPATH/View/View.php(216): CodeIgniter\Exceptions\FrameworkException::forInvalidFile('views/templates/header.php')
 2 SYSTEMPATH/Common.php(1190): CodeIgniter\View\View->render('views/templates/header', [], true)
 3 APPPATH/Controllers/Home.php(9): view('views/templates/header')
 4 SYSTEMPATH/CodeIgniter.php(942): App\Controllers\Home->index()
 5 SYSTEMPATH/CodeIgniter.php(502): CodeIgniter\CodeIgniter->runController(Object(App\Controllers\Home))
 6 SYSTEMPATH/CodeIgniter.php(361): CodeIgniter\CodeIgniter->handleRequest(null, Object(Config\Cache), false)
 7 FCPATH/index.php(79): CodeIgniter\CodeIgniter->run()
CRITICAL - 2024-02-16 21:59:16 --> Invalid file: "views/templates/header.php"
in SYSTEMPATH/Exceptions/FrameworkException.php on line 39.
 1 SYSTEMPATH/View/View.php(216): CodeIgniter\Exceptions\FrameworkException::forInvalidFile('views/templates/header.php')
 2 SYSTEMPATH/Common.php(1190): CodeIgniter\View\View->render('views/templates/header', [], true)
 3 APPPATH/Controllers/Home.php(9): view('views/templates/header')
 4 SYSTEMPATH/CodeIgniter.php(942): App\Controllers\Home->index()
 5 SYSTEMPATH/CodeIgniter.php(502): CodeIgniter\CodeIgniter->runController(Object(App\Controllers\Home))
 6 SYSTEMPATH/CodeIgniter.php(361): CodeIgniter\CodeIgniter->handleRequest(null, Object(Config\Cache), false)
 7 FCPATH/index.php(79): CodeIgniter\CodeIgniter->run()
CRITICAL - 2024-02-16 21:59:17 --> Invalid file: "views/templates/header.php"
in SYSTEMPATH/Exceptions/FrameworkException.php on line 39.
 1 SYSTEMPATH/View/View.php(216): CodeIgniter\Exceptions\FrameworkException::forInvalidFile('views/templates/header.php')
 2 SYSTEMPATH/Common.php(1190): CodeIgniter\View\View->render('views/templates/header', [], true)
 3 APPPATH/Controllers/Home.php(9): view('views/templates/header')
 4 SYSTEMPATH/CodeIgniter.php(942): App\Controllers\Home->index()
 5 SYSTEMPATH/CodeIgniter.php(502): CodeIgniter\CodeIgniter->runController(Object(App\Controllers\Home))
 6 SYSTEMPATH/CodeIgniter.php(361): CodeIgniter\CodeIgniter->handleRequest(null, Object(Config\Cache), false)
 7 FCPATH/index.php(79): CodeIgniter\CodeIgniter->run()
CRITICAL - 2024-02-16 21:59:22 --> Invalid file: "views/templates/header.php"
in SYSTEMPATH/Exceptions/FrameworkException.php on line 39.
 1 SYSTEMPATH/View/View.php(216): CodeIgniter\Exceptions\FrameworkException::forInvalidFile('views/templates/header.php')
 2 SYSTEMPATH/Common.php(1190): CodeIgniter\View\View->render('views/templates/header', [], true)
 3 APPPATH/Controllers/Home.php(9): view('views/templates/header')
 4 SYSTEMPATH/CodeIgniter.php(942): App\Controllers\Home->index()
 5 SYSTEMPATH/CodeIgniter.php(502): CodeIgniter\CodeIgniter->runController(Object(App\Controllers\Home))
 6 SYSTEMPATH/CodeIgniter.php(361): CodeIgniter\CodeIgniter->handleRequest(null, Object(Config\Cache), false)
 7 FCPATH/index.php(79): CodeIgniter\CodeIgniter->run()
CRITICAL - 2024-02-16 21:59:24 --> Invalid file: "views/templates/header.php"
in SYSTEMPATH/Exceptions/FrameworkException.php on line 39.
 1 SYSTEMPATH/View/View.php(216): CodeIgniter\Exceptions\FrameworkException::forInvalidFile('views/templates/header.php')
 2 SYSTEMPATH/Common.php(1190): CodeIgniter\View\View->render('views/templates/header', [], true)
 3 APPPATH/Controllers/Home.php(9): view('views/templates/header')
 4 SYSTEMPATH/CodeIgniter.php(942): App\Controllers\Home->index()
 5 SYSTEMPATH/CodeIgniter.php(502): CodeIgniter\CodeIgniter->runController(Object(App\Controllers\Home))
 6 SYSTEMPATH/CodeIgniter.php(361): CodeIgniter\CodeIgniter->handleRequest(null, Object(Config\Cache), false)
 7 FCPATH/index.php(79): CodeIgniter\CodeIgniter->run()
CRITICAL - 2024-02-16 22:33:41 --> Call to undefined method App\Controllers\Wonders::getWonders()
in APPPATH/Controllers/Wonders.php on line 15.
 1 SYSTEMPATH/CodeIgniter.php(942): App\Controllers\Wonders->index()
 2 SYSTEMPATH/CodeIgniter.php(502): CodeIgniter\CodeIgniter->runController(Object(App\Controllers\Wonders))
 3 SYSTEMPATH/CodeIgniter.php(361): CodeIgniter\CodeIgniter->handleRequest(null, Object(Config\Cache), false)
 4 FCPATH/index.php(79): CodeIgniter\CodeIgniter->run()
ERROR - 2024-02-16 22:44:39 --> Error connecting to the database: mysqli_sql_exception: Unknown database 'ci4' in /Applications/MAMP/htdocs/codeigniterWonder/system/Database/MySQLi/Connection.php:185
Stack trace:
#0 /Applications/MAMP/htdocs/codeigniterWonder/system/Database/MySQLi/Connection.php(185): mysqli->real_connect('localhost', 'root', 'root', 'ci4', 8889, '', 0)
#1 /Applications/MAMP/htdocs/codeigniterWonder/system/Database/BaseConnection.php(392): CodeIgniter\Database\MySQLi\Connection->connect(false)
#2 /Applications/MAMP/htdocs/codeigniterWonder/system/Database/BaseConnection.php(575): CodeIgniter\Database\BaseConnection->initialize()
#3 /Applications/MAMP/htdocs/codeigniterWonder/system/Database/BaseBuilder.php(1615): CodeIgniter\Database\BaseConnection->query('SELECT *\nFROM `...', Array, false)
#4 /Applications/MAMP/htdocs/codeigniterWonder/system/Model.php(237): CodeIgniter\Database\BaseBuilder->get()
#5 /Applications/MAMP/htdocs/codeigniterWonder/system/BaseModel.php(624): CodeIgniter\Model->doFindAll(0, 0)
#6 /Applications/MAMP/htdocs/codeigniterWonder/app/Models/WondersModel.php(14): CodeIgniter\BaseModel->findAll()
#7 /Applications/MAMP/htdocs/codeigniterWonder/app/Controllers/Wonders.php(14): App\Models\WondersModel->getWonders()
#8 /Applications/MAMP/htdocs/codeigniterWonder/system/CodeIgniter.php(942): App\Controllers\Wonders->index()
#9 /Applications/MAMP/htdocs/codeigniterWonder/system/CodeIgniter.php(502): CodeIgniter\CodeIgniter->runController(Object(App\Controllers\Wonders))
#10 /Applications/MAMP/htdocs/codeigniterWonder/system/CodeIgniter.php(361): CodeIgniter\CodeIgniter->handleRequest(NULL, Object(Config\Cache), false)
#11 /Applications/MAMP/htdocs/codeigniterWonder/public/index.php(79): CodeIgniter\CodeIgniter->run()
#12 {main}

Next CodeIgniter\Database\Exceptions\DatabaseException: Unknown database 'ci4' in /Applications/MAMP/htdocs/codeigniterWonder/system/Database/MySQLi/Connection.php:229
Stack trace:
#0 /Applications/MAMP/htdocs/codeigniterWonder/system/Database/BaseConnection.php(392): CodeIgniter\Database\MySQLi\Connection->connect(false)
#1 /Applications/MAMP/htdocs/codeigniterWonder/system/Database/BaseConnection.php(575): CodeIgniter\Database\BaseConnection->initialize()
#2 /Applications/MAMP/htdocs/codeigniterWonder/system/Database/BaseBuilder.php(1615): CodeIgniter\Database\BaseConnection->query('SELECT *\nFROM `...', Array, false)
#3 /Applications/MAMP/htdocs/codeigniterWonder/system/Model.php(237): CodeIgniter\Database\BaseBuilder->get()
#4 /Applications/MAMP/htdocs/codeigniterWonder/system/BaseModel.php(624): CodeIgniter\Model->doFindAll(0, 0)
#5 /Applications/MAMP/htdocs/codeigniterWonder/app/Models/WondersModel.php(14): CodeIgniter\BaseModel->findAll()
#6 /Applications/MAMP/htdocs/codeigniterWonder/app/Controllers/Wonders.php(14): App\Models\WondersModel->getWonders()
#7 /Applications/MAMP/htdocs/codeigniterWonder/system/CodeIgniter.php(942): App\Controllers\Wonders->index()
#8 /Applications/MAMP/htdocs/codeigniterWonder/system/CodeIgniter.php(502): CodeIgniter\CodeIgniter->runController(Object(App\Controllers\Wonders))
#9 /Applications/MAMP/htdocs/codeigniterWonder/system/CodeIgniter.php(361): CodeIgniter\CodeIgniter->handleRequest(NULL, Object(Config\Cache), false)
#10 /Applications/MAMP/htdocs/codeigniterWonder/public/index.php(79): CodeIgniter\CodeIgniter->run()
#11 {main}
CRITICAL - 2024-02-16 22:44:39 --> Unable to connect to the database.
Main connection [MySQLi]: Unknown database 'ci4'
in SYSTEMPATH/Database/BaseConnection.php on line 428.
 1 SYSTEMPATH/Database/BaseConnection.php(575): CodeIgniter\Database\BaseConnection->initialize()
 2 SYSTEMPATH/Database/BaseBuilder.php(1615): CodeIgniter\Database\BaseConnection->query('SELECT *
FROM `7wonders`', [], false)
 3 SYSTEMPATH/Model.php(237): CodeIgniter\Database\BaseBuilder->get()
 4 SYSTEMPATH/BaseModel.php(624): CodeIgniter\Model->doFindAll(0, 0)
 5 APPPATH/Models/WondersModel.php(14): CodeIgniter\BaseModel->findAll()
 6 APPPATH/Controllers/Wonders.php(14): App\Models\WondersModel->getWonders()
 7 SYSTEMPATH/CodeIgniter.php(942): App\Controllers\Wonders->index()
 8 SYSTEMPATH/CodeIgniter.php(502): CodeIgniter\CodeIgniter->runController(Object(App\Controllers\Wonders))
 9 SYSTEMPATH/CodeIgniter.php(361): CodeIgniter\CodeIgniter->handleRequest(null, Object(Config\Cache), false)
10 FCPATH/index.php(79): CodeIgniter\CodeIgniter->run()
ERROR - 2024-02-16 22:46:05 --> Error connecting to the database: mysqli_sql_exception: Unknown database 'ci4' in /Applications/MAMP/htdocs/codeigniterWonder/system/Database/MySQLi/Connection.php:185
Stack trace:
#0 /Applications/MAMP/htdocs/codeigniterWonder/system/Database/MySQLi/Connection.php(185): mysqli->real_connect('localhost', 'root', 'root', 'ci4', 8889, '', 0)
#1 /Applications/MAMP/htdocs/codeigniterWonder/system/Database/BaseConnection.php(392): CodeIgniter\Database\MySQLi\Connection->connect(false)
#2 /Applications/MAMP/htdocs/codeigniterWonder/system/Database/BaseConnection.php(575): CodeIgniter\Database\BaseConnection->initialize()
#3 /Applications/MAMP/htdocs/codeigniterWonder/system/Database/BaseBuilder.php(1615): CodeIgniter\Database\BaseConnection->query('SELECT *\nFROM `...', Array, false)
#4 /Applications/MAMP/htdocs/codeigniterWonder/system/Model.php(237): CodeIgniter\Database\BaseBuilder->get()
#5 /Applications/MAMP/htdocs/codeigniterWonder/system/BaseModel.php(624): CodeIgniter\Model->doFindAll(0, 0)
#6 /Applications/MAMP/htdocs/codeigniterWonder/app/Models/WondersModel.php(14): CodeIgniter\BaseModel->findAll()
#7 /Applications/MAMP/htdocs/codeigniterWonder/app/Controllers/Wonders.php(14): App\Models\WondersModel->getWonders()
#8 /Applications/MAMP/htdocs/codeigniterWonder/system/CodeIgniter.php(942): App\Controllers\Wonders->index()
#9 /Applications/MAMP/htdocs/codeigniterWonder/system/CodeIgniter.php(502): CodeIgniter\CodeIgniter->runController(Object(App\Controllers\Wonders))
#10 /Applications/MAMP/htdocs/codeigniterWonder/system/CodeIgniter.php(361): CodeIgniter\CodeIgniter->handleRequest(NULL, Object(Config\Cache), false)
#11 /Applications/MAMP/htdocs/codeigniterWonder/public/index.php(79): CodeIgniter\CodeIgniter->run()
#12 {main}

Next CodeIgniter\Database\Exceptions\DatabaseException: Unknown database 'ci4' in /Applications/MAMP/htdocs/codeigniterWonder/system/Database/MySQLi/Connection.php:229
Stack trace:
#0 /Applications/MAMP/htdocs/codeigniterWonder/system/Database/BaseConnection.php(392): CodeIgniter\Database\MySQLi\Connection->connect(false)
#1 /Applications/MAMP/htdocs/codeigniterWonder/system/Database/BaseConnection.php(575): CodeIgniter\Database\BaseConnection->initialize()
#2 /Applications/MAMP/htdocs/codeigniterWonder/system/Database/BaseBuilder.php(1615): CodeIgniter\Database\BaseConnection->query('SELECT *\nFROM `...', Array, false)
#3 /Applications/MAMP/htdocs/codeigniterWonder/system/Model.php(237): CodeIgniter\Database\BaseBuilder->get()
#4 /Applications/MAMP/htdocs/codeigniterWonder/system/BaseModel.php(624): CodeIgniter\Model->doFindAll(0, 0)
#5 /Applications/MAMP/htdocs/codeigniterWonder/app/Models/WondersModel.php(14): CodeIgniter\BaseModel->findAll()
#6 /Applications/MAMP/htdocs/codeigniterWonder/app/Controllers/Wonders.php(14): App\Models\WondersModel->getWonders()
#7 /Applications/MAMP/htdocs/codeigniterWonder/system/CodeIgniter.php(942): App\Controllers\Wonders->index()
#8 /Applications/MAMP/htdocs/codeigniterWonder/system/CodeIgniter.php(502): CodeIgniter\CodeIgniter->runController(Object(App\Controllers\Wonders))
#9 /Applications/MAMP/htdocs/codeigniterWonder/system/CodeIgniter.php(361): CodeIgniter\CodeIgniter->handleRequest(NULL, Object(Config\Cache), false)
#10 /Applications/MAMP/htdocs/codeigniterWonder/public/index.php(79): CodeIgniter\CodeIgniter->run()
#11 {main}
CRITICAL - 2024-02-16 22:46:05 --> Unable to connect to the database.
Main connection [MySQLi]: Unknown database 'ci4'
in SYSTEMPATH/Database/BaseConnection.php on line 428.
 1 SYSTEMPATH/Database/BaseConnection.php(575): CodeIgniter\Database\BaseConnection->initialize()
 2 SYSTEMPATH/Database/BaseBuilder.php(1615): CodeIgniter\Database\BaseConnection->query('SELECT *
FROM `7wonders`', [], false)
 3 SYSTEMPATH/Model.php(237): CodeIgniter\Database\BaseBuilder->get()
 4 SYSTEMPATH/BaseModel.php(624): CodeIgniter\Model->doFindAll(0, 0)
 5 APPPATH/Models/WondersModel.php(14): CodeIgniter\BaseModel->findAll()
 6 APPPATH/Controllers/Wonders.php(14): App\Models\WondersModel->getWonders()
 7 SYSTEMPATH/CodeIgniter.php(942): App\Controllers\Wonders->index()
 8 SYSTEMPATH/CodeIgniter.php(502): CodeIgniter\CodeIgniter->runController(Object(App\Controllers\Wonders))
 9 SYSTEMPATH/CodeIgniter.php(361): CodeIgniter\CodeIgniter->handleRequest(null, Object(Config\Cache), false)
10 FCPATH/index.php(79): CodeIgniter\CodeIgniter->run()
ERROR - 2024-02-16 22:46:06 --> Error connecting to the database: mysqli_sql_exception: Unknown database 'ci4' in /Applications/MAMP/htdocs/codeigniterWonder/system/Database/MySQLi/Connection.php:185
Stack trace:
#0 /Applications/MAMP/htdocs/codeigniterWonder/system/Database/MySQLi/Connection.php(185): mysqli->real_connect('localhost', 'root', 'root', 'ci4', 8889, '', 0)
#1 /Applications/MAMP/htdocs/codeigniterWonder/system/Database/BaseConnection.php(392): CodeIgniter\Database\MySQLi\Connection->connect(false)
#2 /Applications/MAMP/htdocs/codeigniterWonder/system/Database/BaseConnection.php(575): CodeIgniter\Database\BaseConnection->initialize()
#3 /Applications/MAMP/htdocs/codeigniterWonder/system/Database/BaseBuilder.php(1615): CodeIgniter\Database\BaseConnection->query('SELECT *\nFROM `...', Array, false)
#4 /Applications/MAMP/htdocs/codeigniterWonder/system/Model.php(237): CodeIgniter\Database\BaseBuilder->get()
#5 /Applications/MAMP/htdocs/codeigniterWonder/system/BaseModel.php(624): CodeIgniter\Model->doFindAll(0, 0)
#6 /Applications/MAMP/htdocs/codeigniterWonder/app/Models/WondersModel.php(14): CodeIgniter\BaseModel->findAll()
#7 /Applications/MAMP/htdocs/codeigniterWonder/app/Controllers/Wonders.php(14): App\Models\WondersModel->getWonders()
#8 /Applications/MAMP/htdocs/codeigniterWonder/system/CodeIgniter.php(942): App\Controllers\Wonders->index()
#9 /Applications/MAMP/htdocs/codeigniterWonder/system/CodeIgniter.php(502): CodeIgniter\CodeIgniter->runController(Object(App\Controllers\Wonders))
#10 /Applications/MAMP/htdocs/codeigniterWonder/system/CodeIgniter.php(361): CodeIgniter\CodeIgniter->handleRequest(NULL, Object(Config\Cache), false)
#11 /Applications/MAMP/htdocs/codeigniterWonder/public/index.php(79): CodeIgniter\CodeIgniter->run()
#12 {main}

Next CodeIgniter\Database\Exceptions\DatabaseException: Unknown database 'ci4' in /Applications/MAMP/htdocs/codeigniterWonder/system/Database/MySQLi/Connection.php:229
Stack trace:
#0 /Applications/MAMP/htdocs/codeigniterWonder/system/Database/BaseConnection.php(392): CodeIgniter\Database\MySQLi\Connection->connect(false)
#1 /Applications/MAMP/htdocs/codeigniterWonder/system/Database/BaseConnection.php(575): CodeIgniter\Database\BaseConnection->initialize()
#2 /Applications/MAMP/htdocs/codeigniterWonder/system/Database/BaseBuilder.php(1615): CodeIgniter\Database\BaseConnection->query('SELECT *\nFROM `...', Array, false)
#3 /Applications/MAMP/htdocs/codeigniterWonder/system/Model.php(237): CodeIgniter\Database\BaseBuilder->get()
#4 /Applications/MAMP/htdocs/codeigniterWonder/system/BaseModel.php(624): CodeIgniter\Model->doFindAll(0, 0)
#5 /Applications/MAMP/htdocs/codeigniterWonder/app/Models/WondersModel.php(14): CodeIgniter\BaseModel->findAll()
#6 /Applications/MAMP/htdocs/codeigniterWonder/app/Controllers/Wonders.php(14): App\Models\WondersModel->getWonders()
#7 /Applications/MAMP/htdocs/codeigniterWonder/system/CodeIgniter.php(942): App\Controllers\Wonders->index()
#8 /Applications/MAMP/htdocs/codeigniterWonder/system/CodeIgniter.php(502): CodeIgniter\CodeIgniter->runController(Object(App\Controllers\Wonders))
#9 /Applications/MAMP/htdocs/codeigniterWonder/system/CodeIgniter.php(361): CodeIgniter\CodeIgniter->handleRequest(NULL, Object(Config\Cache), false)
#10 /Applications/MAMP/htdocs/codeigniterWonder/public/index.php(79): CodeIgniter\CodeIgniter->run()
#11 {main}
CRITICAL - 2024-02-16 22:46:06 --> Unable to connect to the database.
Main connection [MySQLi]: Unknown database 'ci4'
in SYSTEMPATH/Database/BaseConnection.php on line 428.
 1 SYSTEMPATH/Database/BaseConnection.php(575): CodeIgniter\Database\BaseConnection->initialize()
 2 SYSTEMPATH/Database/BaseBuilder.php(1615): CodeIgniter\Database\BaseConnection->query('SELECT *
FROM `7wonders`', [], false)
 3 SYSTEMPATH/Model.php(237): CodeIgniter\Database\BaseBuilder->get()
 4 SYSTEMPATH/BaseModel.php(624): CodeIgniter\Model->doFindAll(0, 0)
 5 APPPATH/Models/WondersModel.php(14): CodeIgniter\BaseModel->findAll()
 6 APPPATH/Controllers/Wonders.php(14): App\Models\WondersModel->getWonders()
 7 SYSTEMPATH/CodeIgniter.php(942): App\Controllers\Wonders->index()
 8 SYSTEMPATH/CodeIgniter.php(502): CodeIgniter\CodeIgniter->runController(Object(App\Controllers\Wonders))
 9 SYSTEMPATH/CodeIgniter.php(361): CodeIgniter\CodeIgniter->handleRequest(null, Object(Config\Cache), false)
10 FCPATH/index.php(79): CodeIgniter\CodeIgniter->run()
ERROR - 2024-02-16 22:46:06 --> Error connecting to the database: mysqli_sql_exception: Unknown database 'ci4' in /Applications/MAMP/htdocs/codeigniterWonder/system/Database/MySQLi/Connection.php:185
Stack trace:
#0 /Applications/MAMP/htdocs/codeigniterWonder/system/Database/MySQLi/Connection.php(185): mysqli->real_connect('localhost', 'root', 'root', 'ci4', 8889, '', 0)
#1 /Applications/MAMP/htdocs/codeigniterWonder/system/Database/BaseConnection.php(392): CodeIgniter\Database\MySQLi\Connection->connect(false)
#2 /Applications/MAMP/htdocs/codeigniterWonder/system/Database/BaseConnection.php(575): CodeIgniter\Database\BaseConnection->initialize()
#3 /Applications/MAMP/htdocs/codeigniterWonder/system/Database/BaseBuilder.php(1615): CodeIgniter\Database\BaseConnection->query('SELECT *\nFROM `...', Array, false)
#4 /Applications/MAMP/htdocs/codeigniterWonder/system/Model.php(237): CodeIgniter\Database\BaseBuilder->get()
#5 /Applications/MAMP/htdocs/codeigniterWonder/system/BaseModel.php(624): CodeIgniter\Model->doFindAll(0, 0)
#6 /Applications/MAMP/htdocs/codeigniterWonder/app/Models/WondersModel.php(14): CodeIgniter\BaseModel->findAll()
#7 /Applications/MAMP/htdocs/codeigniterWonder/app/Controllers/Wonders.php(14): App\Models\WondersModel->getWonders()
#8 /Applications/MAMP/htdocs/codeigniterWonder/system/CodeIgniter.php(942): App\Controllers\Wonders->index()
#9 /Applications/MAMP/htdocs/codeigniterWonder/system/CodeIgniter.php(502): CodeIgniter\CodeIgniter->runController(Object(App\Controllers\Wonders))
#10 /Applications/MAMP/htdocs/codeigniterWonder/system/CodeIgniter.php(361): CodeIgniter\CodeIgniter->handleRequest(NULL, Object(Config\Cache), false)
#11 /Applications/MAMP/htdocs/codeigniterWonder/public/index.php(79): CodeIgniter\CodeIgniter->run()
#12 {main}

Next CodeIgniter\Database\Exceptions\DatabaseException: Unknown database 'ci4' in /Applications/MAMP/htdocs/codeigniterWonder/system/Database/MySQLi/Connection.php:229
Stack trace:
#0 /Applications/MAMP/htdocs/codeigniterWonder/system/Database/BaseConnection.php(392): CodeIgniter\Database\MySQLi\Connection->connect(false)
#1 /Applications/MAMP/htdocs/codeigniterWonder/system/Database/BaseConnection.php(575): CodeIgniter\Database\BaseConnection->initialize()
#2 /Applications/MAMP/htdocs/codeigniterWonder/system/Database/BaseBuilder.php(1615): CodeIgniter\Database\BaseConnection->query('SELECT *\nFROM `...', Array, false)
#3 /Applications/MAMP/htdocs/codeigniterWonder/system/Model.php(237): CodeIgniter\Database\BaseBuilder->get()
#4 /Applications/MAMP/htdocs/codeigniterWonder/system/BaseModel.php(624): CodeIgniter\Model->doFindAll(0, 0)
#5 /Applications/MAMP/htdocs/codeigniterWonder/app/Models/WondersModel.php(14): CodeIgniter\BaseModel->findAll()
#6 /Applications/MAMP/htdocs/codeigniterWonder/app/Controllers/Wonders.php(14): App\Models\WondersModel->getWonders()
#7 /Applications/MAMP/htdocs/codeigniterWonder/system/CodeIgniter.php(942): App\Controllers\Wonders->index()
#8 /Applications/MAMP/htdocs/codeigniterWonder/system/CodeIgniter.php(502): CodeIgniter\CodeIgniter->runController(Object(App\Controllers\Wonders))
#9 /Applications/MAMP/htdocs/codeigniterWonder/system/CodeIgniter.php(361): CodeIgniter\CodeIgniter->handleRequest(NULL, Object(Config\Cache), false)
#10 /Applications/MAMP/htdocs/codeigniterWonder/public/index.php(79): CodeIgniter\CodeIgniter->run()
#11 {main}
CRITICAL - 2024-02-16 22:46:06 --> Unable to connect to the database.
Main connection [MySQLi]: Unknown database 'ci4'
in SYSTEMPATH/Database/BaseConnection.php on line 428.
 1 SYSTEMPATH/Database/BaseConnection.php(575): CodeIgniter\Database\BaseConnection->initialize()
 2 SYSTEMPATH/Database/BaseBuilder.php(1615): CodeIgniter\Database\BaseConnection->query('SELECT *
FROM `7wonders`', [], false)
 3 SYSTEMPATH/Model.php(237): CodeIgniter\Database\BaseBuilder->get()
 4 SYSTEMPATH/BaseModel.php(624): CodeIgniter\Model->doFindAll(0, 0)
 5 APPPATH/Models/WondersModel.php(14): CodeIgniter\BaseModel->findAll()
 6 APPPATH/Controllers/Wonders.php(14): App\Models\WondersModel->getWonders()
 7 SYSTEMPATH/CodeIgniter.php(942): App\Controllers\Wonders->index()
 8 SYSTEMPATH/CodeIgniter.php(502): CodeIgniter\CodeIgniter->runController(Object(App\Controllers\Wonders))
 9 SYSTEMPATH/CodeIgniter.php(361): CodeIgniter\CodeIgniter->handleRequest(null, Object(Config\Cache), false)
10 FCPATH/index.php(79): CodeIgniter\CodeIgniter->run()
ERROR - 2024-02-16 22:46:12 --> Error connecting to the database: mysqli_sql_exception: Unknown database 'ci4' in /Applications/MAMP/htdocs/codeigniterWonder/system/Database/MySQLi/Connection.php:185
Stack trace:
#0 /Applications/MAMP/htdocs/codeigniterWonder/system/Database/MySQLi/Connection.php(185): mysqli->real_connect('localhost', 'root', 'root', 'ci4', 8889, '', 0)
#1 /Applications/MAMP/htdocs/codeigniterWonder/system/Database/BaseConnection.php(392): CodeIgniter\Database\MySQLi\Connection->connect(false)
#2 /Applications/MAMP/htdocs/codeigniterWonder/system/Database/BaseConnection.php(575): CodeIgniter\Database\BaseConnection->initialize()
#3 /Applications/MAMP/htdocs/codeigniterWonder/system/Database/BaseBuilder.php(1615): CodeIgniter\Database\BaseConnection->query('SELECT *\nFROM `...', Array, false)
#4 /Applications/MAMP/htdocs/codeigniterWonder/system/Model.php(237): CodeIgniter\Database\BaseBuilder->get()
#5 /Applications/MAMP/htdocs/codeigniterWonder/system/BaseModel.php(624): CodeIgniter\Model->doFindAll(0, 0)
#6 /Applications/MAMP/htdocs/codeigniterWonder/app/Models/WondersModel.php(14): CodeIgniter\BaseModel->findAll()
#7 /Applications/MAMP/htdocs/codeigniterWonder/app/Controllers/Wonders.php(14): App\Models\WondersModel->getWonders()
#8 /Applications/MAMP/htdocs/codeigniterWonder/system/CodeIgniter.php(942): App\Controllers\Wonders->index()
#9 /Applications/MAMP/htdocs/codeigniterWonder/system/CodeIgniter.php(502): CodeIgniter\CodeIgniter->runController(Object(App\Controllers\Wonders))
#10 /Applications/MAMP/htdocs/codeigniterWonder/system/CodeIgniter.php(361): CodeIgniter\CodeIgniter->handleRequest(NULL, Object(Config\Cache), false)
#11 /Applications/MAMP/htdocs/codeigniterWonder/public/index.php(79): CodeIgniter\CodeIgniter->run()
#12 {main}

Next CodeIgniter\Database\Exceptions\DatabaseException: Unknown database 'ci4' in /Applications/MAMP/htdocs/codeigniterWonder/system/Database/MySQLi/Connection.php:229
Stack trace:
#0 /Applications/MAMP/htdocs/codeigniterWonder/system/Database/BaseConnection.php(392): CodeIgniter\Database\MySQLi\Connection->connect(false)
#1 /Applications/MAMP/htdocs/codeigniterWonder/system/Database/BaseConnection.php(575): CodeIgniter\Database\BaseConnection->initialize()
#2 /Applications/MAMP/htdocs/codeigniterWonder/system/Database/BaseBuilder.php(1615): CodeIgniter\Database\BaseConnection->query('SELECT *\nFROM `...', Array, false)
#3 /Applications/MAMP/htdocs/codeigniterWonder/system/Model.php(237): CodeIgniter\Database\BaseBuilder->get()
#4 /Applications/MAMP/htdocs/codeigniterWonder/system/BaseModel.php(624): CodeIgniter\Model->doFindAll(0, 0)
#5 /Applications/MAMP/htdocs/codeigniterWonder/app/Models/WondersModel.php(14): CodeIgniter\BaseModel->findAll()
#6 /Applications/MAMP/htdocs/codeigniterWonder/app/Controllers/Wonders.php(14): App\Models\WondersModel->getWonders()
#7 /Applications/MAMP/htdocs/codeigniterWonder/system/CodeIgniter.php(942): App\Controllers\Wonders->index()
#8 /Applications/MAMP/htdocs/codeigniterWonder/system/CodeIgniter.php(502): CodeIgniter\CodeIgniter->runController(Object(App\Controllers\Wonders))
#9 /Applications/MAMP/htdocs/codeigniterWonder/system/CodeIgniter.php(361): CodeIgniter\CodeIgniter->handleRequest(NULL, Object(Config\Cache), false)
#10 /Applications/MAMP/htdocs/codeigniterWonder/public/index.php(79): CodeIgniter\CodeIgniter->run()
#11 {main}
CRITICAL - 2024-02-16 22:46:12 --> Unable to connect to the database.
Main connection [MySQLi]: Unknown database 'ci4'
in SYSTEMPATH/Database/BaseConnection.php on line 428.
 1 SYSTEMPATH/Database/BaseConnection.php(575): CodeIgniter\Database\BaseConnection->initialize()
 2 SYSTEMPATH/Database/BaseBuilder.php(1615): CodeIgniter\Database\BaseConnection->query('SELECT *
FROM `7wonders`', [], false)
 3 SYSTEMPATH/Model.php(237): CodeIgniter\Database\BaseBuilder->get()
 4 SYSTEMPATH/BaseModel.php(624): CodeIgniter\Model->doFindAll(0, 0)
 5 APPPATH/Models/WondersModel.php(14): CodeIgniter\BaseModel->findAll()
 6 APPPATH/Controllers/Wonders.php(14): App\Models\WondersModel->getWonders()
 7 SYSTEMPATH/CodeIgniter.php(942): App\Controllers\Wonders->index()
 8 SYSTEMPATH/CodeIgniter.php(502): CodeIgniter\CodeIgniter->runController(Object(App\Controllers\Wonders))
 9 SYSTEMPATH/CodeIgniter.php(361): CodeIgniter\CodeIgniter->handleRequest(null, Object(Config\Cache), false)
10 FCPATH/index.php(79): CodeIgniter\CodeIgniter->run()
CRITICAL - 2024-02-16 23:07:45 --> Invalid file: "news/create.php"
in SYSTEMPATH/Exceptions/FrameworkException.php on line 39.
 1 SYSTEMPATH/View/View.php(216): CodeIgniter\Exceptions\FrameworkException::forInvalidFile('news/create.php')
 2 SYSTEMPATH/Common.php(1190): CodeIgniter\View\View->render('news/create', [], true)
 3 APPPATH/Controllers/Wonders.php(47): view('news/create', [...])
 4 SYSTEMPATH/CodeIgniter.php(942): App\Controllers\Wonders->new()
 5 SYSTEMPATH/CodeIgniter.php(502): CodeIgniter\CodeIgniter->runController(Object(App\Controllers\Wonders))
 6 SYSTEMPATH/CodeIgniter.php(361): CodeIgniter\CodeIgniter->handleRequest(null, Object(Config\Cache), false)
 7 FCPATH/index.php(79): CodeIgniter\CodeIgniter->run()
CRITICAL - 2024-02-16 23:07:57 --> Invalid file: "news/create.php"
in SYSTEMPATH/Exceptions/FrameworkException.php on line 39.
 1 SYSTEMPATH/View/View.php(216): CodeIgniter\Exceptions\FrameworkException::forInvalidFile('news/create.php')
 2 SYSTEMPATH/Common.php(1190): CodeIgniter\View\View->render('news/create', [], true)
 3 APPPATH/Controllers/Wonders.php(47): view('news/create', [...])
 4 SYSTEMPATH/CodeIgniter.php(942): App\Controllers\Wonders->new()
 5 SYSTEMPATH/CodeIgniter.php(502): CodeIgniter\CodeIgniter->runController(Object(App\Controllers\Wonders))
 6 SYSTEMPATH/CodeIgniter.php(361): CodeIgniter\CodeIgniter->handleRequest(null, Object(Config\Cache), false)
 7 FCPATH/index.php(79): CodeIgniter\CodeIgniter->run()
CRITICAL - 2024-02-16 23:07:58 --> Invalid file: "news/create.php"
in SYSTEMPATH/Exceptions/FrameworkException.php on line 39.
 1 SYSTEMPATH/View/View.php(216): CodeIgniter\Exceptions\FrameworkException::forInvalidFile('news/create.php')
 2 SYSTEMPATH/Common.php(1190): CodeIgniter\View\View->render('news/create', [], true)
 3 APPPATH/Controllers/Wonders.php(47): view('news/create', [...])
 4 SYSTEMPATH/CodeIgniter.php(942): App\Controllers\Wonders->new()
 5 SYSTEMPATH/CodeIgniter.php(502): CodeIgniter\CodeIgniter->runController(Object(App\Controllers\Wonders))
 6 SYSTEMPATH/CodeIgniter.php(361): CodeIgniter\CodeIgniter->handleRequest(null, Object(Config\Cache), false)
 7 FCPATH/index.php(79): CodeIgniter\CodeIgniter->run()
CRITICAL - 2024-02-16 23:07:58 --> Invalid file: "news/create.php"
in SYSTEMPATH/Exceptions/FrameworkException.php on line 39.
 1 SYSTEMPATH/View/View.php(216): CodeIgniter\Exceptions\FrameworkException::forInvalidFile('news/create.php')
 2 SYSTEMPATH/Common.php(1190): CodeIgniter\View\View->render('news/create', [], true)
 3 APPPATH/Controllers/Wonders.php(47): view('news/create', [...])
 4 SYSTEMPATH/CodeIgniter.php(942): App\Controllers\Wonders->new()
 5 SYSTEMPATH/CodeIgniter.php(502): CodeIgniter\CodeIgniter->runController(Object(App\Controllers\Wonders))
 6 SYSTEMPATH/CodeIgniter.php(361): CodeIgniter\CodeIgniter->handleRequest(null, Object(Config\Cache), false)
 7 FCPATH/index.php(79): CodeIgniter\CodeIgniter->run()
CRITICAL - 2024-02-16 23:07:59 --> Invalid file: "news/create.php"
in SYSTEMPATH/Exceptions/FrameworkException.php on line 39.
 1 SYSTEMPATH/View/View.php(216): CodeIgniter\Exceptions\FrameworkException::forInvalidFile('news/create.php')
 2 SYSTEMPATH/Common.php(1190): CodeIgniter\View\View->render('news/create', [], true)
 3 APPPATH/Controllers/Wonders.php(47): view('news/create', [...])
 4 SYSTEMPATH/CodeIgniter.php(942): App\Controllers\Wonders->new()
 5 SYSTEMPATH/CodeIgniter.php(502): CodeIgniter\CodeIgniter->runController(Object(App\Controllers\Wonders))
 6 SYSTEMPATH/CodeIgniter.php(361): CodeIgniter\CodeIgniter->handleRequest(null, Object(Config\Cache), false)
 7 FCPATH/index.php(79): CodeIgniter\CodeIgniter->run()
CRITICAL - 2024-02-16 23:07:59 --> Invalid file: "news/create.php"
in SYSTEMPATH/Exceptions/FrameworkException.php on line 39.
 1 SYSTEMPATH/View/View.php(216): CodeIgniter\Exceptions\FrameworkException::forInvalidFile('news/create.php')
 2 SYSTEMPATH/Common.php(1190): CodeIgniter\View\View->render('news/create', [], true)
 3 APPPATH/Controllers/Wonders.php(47): view('news/create', [...])
 4 SYSTEMPATH/CodeIgniter.php(942): App\Controllers\Wonders->new()
 5 SYSTEMPATH/CodeIgniter.php(502): CodeIgniter\CodeIgniter->runController(Object(App\Controllers\Wonders))
 6 SYSTEMPATH/CodeIgniter.php(361): CodeIgniter\CodeIgniter->handleRequest(null, Object(Config\Cache), false)
 7 FCPATH/index.php(79): CodeIgniter\CodeIgniter->run()
CRITICAL - 2024-02-16 23:08:10 --> Invalid file: "news/create.php"
in SYSTEMPATH/Exceptions/FrameworkException.php on line 39.
 1 SYSTEMPATH/View/View.php(216): CodeIgniter\Exceptions\FrameworkException::forInvalidFile('news/create.php')
 2 SYSTEMPATH/Common.php(1190): CodeIgniter\View\View->render('news/create', [], true)
 3 APPPATH/Controllers/Wonders.php(47): view('news/create', [...])
 4 SYSTEMPATH/CodeIgniter.php(942): App\Controllers\Wonders->new()
 5 SYSTEMPATH/CodeIgniter.php(502): CodeIgniter\CodeIgniter->runController(Object(App\Controllers\Wonders))
 6 SYSTEMPATH/CodeIgniter.php(361): CodeIgniter\CodeIgniter->handleRequest(null, Object(Config\Cache), false)
 7 FCPATH/index.php(79): CodeIgniter\CodeIgniter->run()
CRITICAL - 2024-02-16 23:08:12 --> Invalid file: "news/create.php"
in SYSTEMPATH/Exceptions/FrameworkException.php on line 39.
 1 SYSTEMPATH/View/View.php(216): CodeIgniter\Exceptions\FrameworkException::forInvalidFile('news/create.php')
 2 SYSTEMPATH/Common.php(1190): CodeIgniter\View\View->render('news/create', [], true)
 3 APPPATH/Controllers/Wonders.php(47): view('news/create', [...])
 4 SYSTEMPATH/CodeIgniter.php(942): App\Controllers\Wonders->new()
 5 SYSTEMPATH/CodeIgniter.php(502): CodeIgniter\CodeIgniter->runController(Object(App\Controllers\Wonders))
 6 SYSTEMPATH/CodeIgniter.php(361): CodeIgniter\CodeIgniter->handleRequest(null, Object(Config\Cache), false)
 7 FCPATH/index.php(79): CodeIgniter\CodeIgniter->run()
INFO - 2024-02-16 23:08:46 --> Session: Class initialized using 'CodeIgniter\Session\Handlers\FileHandler' driver.
INFO - 2024-02-16 23:09:27 --> Session: Class initialized using 'CodeIgniter\Session\Handlers\FileHandler' driver.
INFO - 2024-02-16 23:09:30 --> Session: Class initialized using 'CodeIgniter\Session\Handlers\FileHandler' driver.
INFO - 2024-02-16 23:09:31 --> Session: Class initialized using 'CodeIgniter\Session\Handlers\FileHandler' driver.
INFO - 2024-02-16 23:13:09 --> CSRF token verified.
CRITICAL - 2024-02-16 23:13:15 --> The action you requested is not allowed.
in SYSTEMPATH/Security/Security.php on line 300.
 1 SYSTEMPATH/Security/Security.php(300): CodeIgniter\Security\Exceptions\SecurityException::forDisallowedAction()
 2 SYSTEMPATH/Filters/CSRF.php(56): CodeIgniter\Security\Security->verify(Object(CodeIgniter\HTTP\IncomingRequest))
 3 SYSTEMPATH/Filters/Filters.php(186): CodeIgniter\Filters\CSRF->before(Object(CodeIgniter\HTTP\IncomingRequest), null)
 4 SYSTEMPATH/CodeIgniter.php(474): CodeIgniter\Filters\Filters->run('wonders/create', 'before')
 5 SYSTEMPATH/CodeIgniter.php(361): CodeIgniter\CodeIgniter->handleRequest(null, Object(Config\Cache), false)
 6 FCPATH/index.php(79): CodeIgniter\CodeIgniter->run()
INFO - 2024-02-16 23:13:32 --> Session: Class initialized using 'CodeIgniter\Session\Handlers\FileHandler' driver.
INFO - 2024-02-16 23:13:39 --> Session: Class initialized using 'CodeIgniter\Session\Handlers\FileHandler' driver.
INFO - 2024-02-16 23:13:43 --> Session: Class initialized using 'CodeIgniter\Session\Handlers\FileHandler' driver.
INFO - 2024-02-16 23:14:04 --> Session: Class initialized using 'CodeIgniter\Session\Handlers\FileHandler' driver.
INFO - 2024-02-16 23:14:34 --> Session: Class initialized using 'CodeIgniter\Session\Handlers\FileHandler' driver.
INFO - 2024-02-16 23:18:08 --> Session: Class initialized using 'CodeIgniter\Session\Handlers\FileHandler' driver.
INFO - 2024-02-16 23:18:15 --> Session: Class initialized using 'CodeIgniter\Session\Handlers\FileHandler' driver.
INFO - 2024-02-16 23:18:17 --> Session: Class initialized using 'CodeIgniter\Session\Handlers\FileHandler' driver.
INFO - 2024-02-16 23:18:19 --> Session: Class initialized using 'CodeIgniter\Session\Handlers\FileHandler' driver.
INFO - 2024-02-16 23:18:21 --> Session: Class initialized using 'CodeIgniter\Session\Handlers\FileHandler' driver.
INFO - 2024-02-16 23:18:25 --> Session: Class initialized using 'CodeIgniter\Session\Handlers\FileHandler' driver.
INFO - 2024-02-16 23:18:37 --> Session: Class initialized using 'CodeIgniter\Session\Handlers\FileHandler' driver.
INFO - 2024-02-16 23:18:40 --> CSRF token verified.
INFO - 2024-02-16 23:19:03 --> Session: Class initialized using 'CodeIgniter\Session\Handlers\FileHandler' driver.
INFO - 2024-02-16 23:19:18 --> CSRF token verified.
CRITICAL - 2024-02-16 23:23:00 --> Call to undefined method App\Models\WondersModel::getById
in SYSTEMPATH/Model.php on line 873.
 1 APPPATH/Controllers/Wonders.php(97): CodeIgniter\Model->__call('getById', [...])
 2 SYSTEMPATH/CodeIgniter.php(942): App\Controllers\Wonders->delete('7')
 3 SYSTEMPATH/CodeIgniter.php(502): CodeIgniter\CodeIgniter->runController(Object(App\Controllers\Wonders))
 4 SYSTEMPATH/CodeIgniter.php(361): CodeIgniter\CodeIgniter->handleRequest(null, Object(Config\Cache), false)
 5 FCPATH/index.php(79): CodeIgniter\CodeIgniter->run()
CRITICAL - 2024-02-16 23:24:53 --> Call to undefined method App\Models\WondersModel::getById
in SYSTEMPATH/Model.php on line 873.
 1 APPPATH/Controllers/Wonders.php(97): CodeIgniter\Model->__call('getById', [...])
 2 SYSTEMPATH/CodeIgniter.php(942): App\Controllers\Wonders->delete('7')
 3 SYSTEMPATH/CodeIgniter.php(502): CodeIgniter\CodeIgniter->runController(Object(App\Controllers\Wonders))
 4 SYSTEMPATH/CodeIgniter.php(361): CodeIgniter\CodeIgniter->handleRequest(null, Object(Config\Cache), false)
 5 FCPATH/index.php(79): CodeIgniter\CodeIgniter->run()
CRITICAL - 2024-02-16 23:25:45 --> Call to undefined method App\Models\WondersModel::getById
in SYSTEMPATH/Model.php on line 873.
 1 APPPATH/Controllers/Wonders.php(97): CodeIgniter\Model->__call('getById', [...])
 2 SYSTEMPATH/CodeIgniter.php(942): App\Controllers\Wonders->delete('7')
 3 SYSTEMPATH/CodeIgniter.php(502): CodeIgniter\CodeIgniter->runController(Object(App\Controllers\Wonders))
 4 SYSTEMPATH/CodeIgniter.php(361): CodeIgniter\CodeIgniter->handleRequest(null, Object(Config\Cache), false)
 5 FCPATH/index.php(79): CodeIgniter\CodeIgniter->run()
INFO - 2024-02-16 23:33:36 --> CSRF token verified.
INFO - 2024-02-16 23:34:49 --> CSRF token verified.
INFO - 2024-02-16 23:36:16 --> CSRF token verified.
INFO - 2024-02-16 23:39:57 --> CSRF token verified.
